2020-07-25 05:23:47.264 sys.argv:
2020-07-25 05:23:47.266 ['run_qiaseq_dna.py', 'run_sm_counter_v2.params.txt', 'v2', 'single', 'out2_multisamples_{0}_{1}', 'NEB_S2', 'NEB_S2']
2020-07-25 05:23:47.266 pid:
2020-07-25 05:23:47.266 603341
2020-07-25 05:23:47.266 started_log at 2020-07-25 05:23:47.264046
2020-07-25 05:23:47.266 Parameter dbSnpFile==/srv/qgen/data/annotation/common_all_20160601.vcf.gz
2020-07-25 05:23:47.266 Parameter duplex==False
2020-07-25 05:23:47.267 Parameter mismatchThr==6.0
2020-07-25 05:23:47.267 Parameter runCNV==True
2020-07-25 05:23:47.267 Parameter vcfComplexGapMax==3
2020-07-25 05:23:47.267 Parameter multimodal==False
2020-07-25 05:23:47.267 Parameter primerFile==/srv/qgen/example/DHS-101Z.primers.txt
2020-07-25 05:23:47.267 Parameter torrentBinDir==/srv/qgen/bin/TorrentSuite/
2020-07-25 05:23:47.267 Parameter platform==Illumina
2020-07-25 05:23:47.267 Parameter tagNameDuplex==Du
2020-07-25 05:23:47.267 Parameter tagNameResample==re
2020-07-25 05:23:47.267 Parameter snpEffPath==/root/conda/share/snpeff-4.3.1t-3/
2020-07-25 05:23:47.267 Parameter hpLen==8
2020-07-25 05:23:47.268 Parameter outputPath==/srv/qgen/qiaseq-dna/out2_multisamples_NEB_S2_1
2020-07-25 05:23:47.268 Parameter cosmicFile==/srv/qgen/data/annotation/CosmicAllMuts_v69_20140602.vcf.gz
2020-07-25 05:23:47.268 Parameter srBed==/srv/qgen/data/annotation/SR_LC_SL.full.bed
2020-07-25 05:23:47.268 Parameter primer3Bases==8
2020-07-25 05:23:47.268 Parameter javaExe==/root/conda/jre/bin/java
2020-07-25 05:23:47.268 Parameter outputDetail==True
2020-07-25 05:23:47.269 Parameter sampleType==Single
2020-07-25 05:23:47.269 Parameter endogenousLenMin==15
2020-07-25 05:23:47.269 Parameter repBed==/srv/qgen/data/annotation/simpleRepeat.full.bed
2020-07-25 05:23:47.269 Parameter snpEffData==/root/conda/share/snpeff-4.3.1t-3/data/
2020-07-25 05:23:47.269 Parameter minBQ==25
2020-07-25 05:23:47.269 Parameter primerDist==2
2020-07-25 05:23:47.269 Parameter consThr==0.8
2020-07-25 05:23:47.269 Parameter deleteLocalFiles==False
2020-07-25 05:23:47.270 Parameter tagNamePrimer==pr
2020-07-25 05:23:47.270 Parameter sswPyFile==/srv/qgen/bin/ssw/src/ssw_wrap.py
2020-07-25 05:23:47.270 Parameter numCores==4
2020-07-25 05:23:47.270 Parameter bwaDir==/root/conda/bin/
2020-07-25 05:23:47.270 Parameter readFile1==/srv/qgen/example/NEB_S2_L001_R1_001.fastq.gz
2020-07-25 05:23:47.270 Parameter maxAltAllele==2
2020-07-25 05:23:47.270 Parameter snpEffConfig==/root/conda/share/snpeff-4.3.1t-3/snpEff.config
2020-07-25 05:23:47.271 Parameter tagNamePrimerErr==pe
2020-07-25 05:23:47.271 Parameter samtoolsMem==2500M
2020-07-25 05:23:47.271 Parameter readFile2==/srv/qgen/example/NEB_S2_L001_R2_001.fastq.gz
2020-07-25 05:23:47.271 Parameter trimScript==core/prep_trim.py
2020-07-25 05:23:47.271 Parameter pValCutoff==0.1
2020-07-25 05:23:47.271 Parameter quandicoDir==copy_number/
2020-07-25 05:23:47.271 Parameter snpSiftConfig==/root/conda/share/snpsift-4.3.1t-1/snpEff.config
2020-07-25 05:23:47.272 Parameter roiBedFile==/srv/qgen/example/DHS-101Z.roi.bed
2020-07-25 05:23:47.272 Parameter tagNameUmiSeq==mi
2020-07-25 05:23:47.272 Parameter cutadaptDir==/root/conda/bin/
2020-07-25 05:23:47.272 Parameter tumorPurity==0.90
2020-07-25 05:23:47.272 Parameter snpSiftPath==/root/conda/share/snpsift-4.3.1t-1/
2020-07-25 05:23:47.272 Parameter samtoolsDir==/root/conda/bin/
2020-07-25 05:23:47.272 Parameter instrument==MiSeq
2020-07-25 05:23:47.272 Parameter umiCutoff==10
2020-07-25 05:23:47.272 Parameter readSet==/srv/qgen/qiaseq-dna/out2_multisamples_NEB_S2_1/NEB_S2
2020-07-25 05:23:47.272 Parameter vcflibDir==/srv/qgen/bin/vcflib/bin/
2020-07-25 05:23:47.272 Parameter minMQ==50
2020-07-25 05:23:47.273 Parameter minAltUMI==3
2020-07-25 05:23:47.273 Parameter clinVarFile==/srv/qgen/data/annotation/clinvar_20160531.vcf.gz
2020-07-25 05:23:47.273 Parameter tagNameUmi==Mi
2020-07-25 05:23:47.273 Parameter genomeFile==/srv/qgen/data/genome/hg19/ucsc.hg19.fa
2020-07-25 05:23:47.273 lastfiletobegenerated
2020-07-25 05:23:47.273 /srv/qgen/qiaseq-dna/out2_multisamples_NEB_S2_1/NEB_S2.vcf_complex.summary.txt
2020-07-25 05:23:47.273 prep: starting read prep - trimming ends and UMI extraction
2020-07-25 05:27:52.926 cmd:
2020-07-25 05:27:52.927 PYTHONPATH= /root/conda/envs/python37/bin/python /srv/qgen/qiaseq-dna/read-trimmer/trimmer/run.py --r1 /srv/qgen/example/NEB_S2_L001_R1_001.fastq.gz --r2 /srv/qgen/example/NEB_S2_L001_R2_001.fastq.gz --primer-file /srv/qgen/example/DHS-101Z.primers.txt --out-metrics /srv/qgen/qiaseq-dna/out2_multisamples_NEB_S2_1/NEB_S2.prep.detail.summary.txt --out-r1 /srv/qgen/qiaseq-dna/out2_multisamples_NEB_S2_1/NEB_S2.prep.R1.fastq --out-r2 /srv/qgen/qiaseq-dna/out2_multisamples_NEB_S2_1/NEB_S2.prep.R2.fastq --check-primer-side --primer3-bases-R1 8 --primer3-bases-R2 8 --ncpu 4 --primer-col 3 --seqtype dna --umi-len 12 --common-seq-len 11 --min-primer-side-len 25 --min-umi-side-len 1 --tagname-primer pr --tagname-primer-error pe --tagname-umi mi
2020-07-25 05:27:52.927 so:
2020-07-25 05:27:52.927 
2020-07-25 05:27:52.928 --------------------
2020-07-25 05:27:52.928 
2020-07-25 05:27:52.928 Created Primer Datastruct
2020-07-25 05:27:52.928 
2020-07-25 05:27:52.928 Checked first 47266 reads for custom sequencing adapter.
2020-07-25 05:27:52.928 
2020-07-25 05:27:52.928 Running program with args : Namespace(check_primer_side=True, common_seq_len=11, custom_seq_adapter=b'AATGTACAGTATTGCGTTTTG, CCAGTACAGTATTGCGTTTTG', drop_alt_seqtype=False, drop_no_primer_reads=False, field_separator=b'\n', include_common_seq_tag=False, is_duplex=False, is_multimodal=False, is_nextseq=False, is_phased_adapters=False, is_r2_primer_side=False, is_umi_side_adapter_readable=False, max_mismatch_rate_overlap=0.12, max_mismatch_rate_primer=0.12, min_primer_side_len=25, min_umi_side_len=1, ncpu=4, no_tagnames=False, out_metrics='/srv/qgen/qiaseq-dna/out2_multisamples_NEB_S2_1/NEB_S2.prep.detail.summary.txt', out_r1='/srv/qgen/qiaseq-dna/out2_multisamples_NEB_S2_1/NEB_S2.prep.R1.fastq', out_r2='/srv/qgen/qiaseq-dna/out2_multisamples_NEB_S2_1/NEB_S2.prep.R2.fastq', overlap_check_len=25, poly_tail_primer_side='none', poly_tail_umi_side='none', primer3_bases_R1=8, primer3_bases_R2=8, primer_col=3, primer_file='/srv/qgen/example/DHS-101Z.primers.txt', r1='/srv/qgen/example/NEB_S2_L001_R1_001.fastq.gz', r2='/srv/qgen/example/NEB_S2_L001_R2_001.fastq.gz', seqtype='dna', tag_separator=b'\t', tagname_duplex=b'Du', tagname_multimodal=b'MM', tagname_primer=b'pr', tagname_primer_error=b'pe', tagname_umi=b'mi', thousand_comma=False, trim_custom_seq_adapter=False, trim_polyT_5prime_umi_side=False, umi_filter_max_Ns=1, umi_filter_max_lowQ_bases=1, umi_filter_min_bq=20, umi_len=12, umi_len_alt=None)
2020-07-25 05:27:52.928 
2020-07-25 05:27:52.928 Processed : 23632 reads
2020-07-25 05:27:52.928 Processed : 47265 reads
2020-07-25 05:27:52.929 Processed : 70853 reads
2020-07-25 05:27:52.929 Processed : 94444 reads
2020-07-25 05:27:52.929 Processed : 118031 reads
2020-07-25 05:27:52.929 Processed : 141671 reads
2020-07-25 05:27:52.929 Processed : 165290 reads
2020-07-25 05:27:52.929 Processed : 188870 reads
2020-07-25 05:27:52.929 Processed : 212460 reads
2020-07-25 05:27:52.929 Processed : 236045 reads
2020-07-25 05:27:52.929 Processed : 259627 reads
2020-07-25 05:27:52.929 Processed : 283207 reads
2020-07-25 05:27:52.929 Processed : 306853 reads
2020-07-25 05:27:52.929 Processed : 330480 reads
2020-07-25 05:27:52.930 Processed : 354077 reads
2020-07-25 05:27:52.930 Processed : 377664 reads
2020-07-25 05:27:52.930 Processed : 401277 reads
2020-07-25 05:27:52.930 Processed : 424920 reads
2020-07-25 05:27:52.930 Processed : 448510 reads
2020-07-25 05:27:52.930 Processed : 472091 reads
2020-07-25 05:27:52.930 Processed : 495669 reads
2020-07-25 05:27:52.930 Processed : 519274 reads
2020-07-25 05:27:52.930 Processed : 542864 reads
2020-07-25 05:27:52.930 Processed : 566451 reads
2020-07-25 05:27:52.930 Processed : 590054 reads
2020-07-25 05:27:52.930 Processed : 613694 reads
2020-07-25 05:27:52.930 Processed : 637300 reads
2020-07-25 05:27:52.931 Processed : 660924 reads
2020-07-25 05:27:52.931 Processed : 684553 reads
2020-07-25 05:27:52.931 Processed : 708142 reads
2020-07-25 05:27:52.931 Processed : 731721 reads
2020-07-25 05:27:52.931 Processed : 755298 reads
2020-07-25 05:27:52.931 Processed : 778947 reads
2020-07-25 05:27:52.931 Processed : 802529 reads
2020-07-25 05:27:52.931 Processed : 826115 reads
2020-07-25 05:27:52.931 Processed : 849710 reads
2020-07-25 05:27:52.931 Processed : 873280 reads
2020-07-25 05:27:52.931 Processed : 896863 reads
2020-07-25 05:27:52.931 Processed : 920469 reads
2020-07-25 05:27:52.931 Processed : 944127 reads
2020-07-25 05:27:52.932 Processed : 967710 reads
2020-07-25 05:27:52.932 Processed : 991278 reads
2020-07-25 05:27:52.932 Processed : 1014845 reads
2020-07-25 05:27:52.932 Processed : 1038465 reads
2020-07-25 05:27:52.932 Processed : 1062105 reads
2020-07-25 05:27:52.932 Processed : 1085685 reads
2020-07-25 05:27:52.932 Processed : 1109264 reads
2020-07-25 05:27:52.932 Processed : 1132851 reads
2020-07-25 05:27:52.932 Processed : 1156424 reads
2020-07-25 05:27:52.932 Processed : 1180025 reads
2020-07-25 05:27:52.932 Processed : 1203678 reads
2020-07-25 05:27:52.932 Processed : 1227263 reads
2020-07-25 05:27:52.933 Processed : 1250850 reads
2020-07-25 05:27:52.933 Processed : 1274436 reads
2020-07-25 05:27:52.933 Processed : 1298034 reads
2020-07-25 05:27:52.933 Processed : 1321658 reads
2020-07-25 05:27:52.933 Processed : 1345256 reads
2020-07-25 05:27:52.933 Processed : 1368848 reads
2020-07-25 05:27:52.933 Processed : 1392498 reads
2020-07-25 05:27:52.933 Processed : 1416085 reads
2020-07-25 05:27:52.933 Processed : 1439692 reads
2020-07-25 05:27:52.933 Processed : 1463270 reads
2020-07-25 05:27:52.933 Processed : 1486907 reads
2020-07-25 05:27:52.933 Processed : 1510483 reads
2020-07-25 05:27:52.934 Processed : 1534058 reads
2020-07-25 05:27:52.934 Processed : 1557697 reads
2020-07-25 05:27:52.934 Processed : 1581280 reads
2020-07-25 05:27:52.934 Processed : 1604876 reads
2020-07-25 05:27:52.934 Processed : 1628452 reads
2020-07-25 05:27:52.934 Processed : 1652094 reads
2020-07-25 05:27:52.934 Processed : 1675675 reads
2020-07-25 05:27:52.934 Processed : 1699261 reads
2020-07-25 05:27:52.934 Processed : 1722892 reads
2020-07-25 05:27:52.934 Processed : 1746533 reads
2020-07-25 05:27:52.934 Processed : 1770123 reads
2020-07-25 05:27:52.934 Processed : 1793687 reads
2020-07-25 05:27:52.935 Processed : 1817277 reads
2020-07-25 05:27:52.935 Processed : 1840855 reads
2020-07-25 05:27:52.935 Processed : 1864455 reads
2020-07-25 05:27:52.935 Processed : 1888031 reads
2020-07-25 05:27:52.935 Processed : 1911613 reads
2020-07-25 05:27:52.935 Processed : 1935260 reads
2020-07-25 05:27:52.935 Processed : 1958867 reads
2020-07-25 05:27:52.935 Processed : 1982437 reads
2020-07-25 05:27:52.935 Processed : 2006032 reads
2020-07-25 05:27:52.935 Processed : 2029616 reads
2020-07-25 05:27:52.935 Processed : 2053205 reads
2020-07-25 05:27:52.935 Processed : 2076829 reads
2020-07-25 05:27:52.935 Processed : 2100413 reads
2020-07-25 05:27:52.936 Processed : 2123980 reads
2020-07-25 05:27:52.936 Processed : 2147555 reads
2020-07-25 05:27:52.936 Processed : 2171124 reads
2020-07-25 05:27:52.936 Processed : 2194763 reads
2020-07-25 05:27:52.936 Processed : 2218337 reads
2020-07-25 05:27:52.936 Processed : 2241934 reads
2020-07-25 05:27:52.936 Processed : 2265496 reads
2020-07-25 05:27:52.936 Processed : 2289065 reads
2020-07-25 05:27:52.936 Processed : 2312703 reads
2020-07-25 05:27:52.936 Processed : 2336272 reads
2020-07-25 05:27:52.936 Processed : 2359872 reads
2020-07-25 05:27:52.936 Processed : 2383454 reads
2020-07-25 05:27:52.937 Processed : 2407017 reads
2020-07-25 05:27:52.937 Processed : 2430583 reads
2020-07-25 05:27:52.937 Processed : 2454165 reads
2020-07-25 05:27:52.937 Processed : 2477733 reads
2020-07-25 05:27:52.937 Processed : 2501319 reads
2020-07-25 05:27:52.937 Processed : 2524946 reads
2020-07-25 05:27:52.937 Processed : 2548513 reads
2020-07-25 05:27:52.937 Processed : 2572156 reads
2020-07-25 05:27:52.937 Processed : 2595735 reads
2020-07-25 05:27:52.937 Processed : 2619314 reads
2020-07-25 05:27:52.937 Processed : 2642897 reads
2020-07-25 05:27:52.937 Processed : 2666460 reads
2020-07-25 05:27:52.937 Processed : 2690041 reads
2020-07-25 05:27:52.937 Processed : 2713662 reads
2020-07-25 05:27:52.938 Processed : 2737235 reads
2020-07-25 05:27:52.938 Processed : 2760815 reads
2020-07-25 05:27:52.938 Processed : 2784390 reads
2020-07-25 05:27:52.938 Processed : 2807938 reads
2020-07-25 05:27:52.938 Processed : 2831510 reads
2020-07-25 05:27:52.938 Processed : 2855105 reads
2020-07-25 05:27:52.938 Processed : 2878677 reads
2020-07-25 05:27:52.938 Processed : 2902296 reads
2020-07-25 05:27:52.938 Processed : 2925863 reads
2020-07-25 05:27:52.938 Processed : 2949444 reads
2020-07-25 05:27:52.938 Processed : 2973080 reads
2020-07-25 05:27:52.938 Processed : 2996648 reads
2020-07-25 05:27:52.938 Processed : 3020255 reads
2020-07-25 05:27:52.938 Processed : 3043824 reads
2020-07-25 05:27:52.939 Processed : 3067389 reads
2020-07-25 05:27:52.939 Processed : 3090953 reads
2020-07-25 05:27:52.939 Processed : 3114535 reads
2020-07-25 05:27:52.939 Processed : 3138104 reads
2020-07-25 05:27:52.939 Processed : 3161679 reads
2020-07-25 05:27:52.939 Processed : 3185313 reads
2020-07-25 05:27:52.939 Processed : 3208898 reads
2020-07-25 05:27:52.939 Processed : 3232458 reads
2020-07-25 05:27:52.939 Processed : 3256087 reads
2020-07-25 05:27:52.939 Processed : 3279657 reads
2020-07-25 05:27:52.939 Processed : 3303274 reads
2020-07-25 05:27:52.939 Processed : 3326900 reads
2020-07-25 05:27:52.939 Processed : 3350468 reads
2020-07-25 05:27:52.940 Processed : 3374036 reads
2020-07-25 05:27:52.940 Processed : 3397629 reads
2020-07-25 05:27:52.940 Processed : 3421219 reads
2020-07-25 05:27:52.940 Processed : 3444789 reads
2020-07-25 05:27:52.940 Processed : 3468361 reads
2020-07-25 05:27:52.940 Processed : 3491911 reads
2020-07-25 05:27:52.940 Processed : 3515537 reads
2020-07-25 05:27:52.940 Processed : 3539111 reads
2020-07-25 05:27:52.940 Processed : 3562683 reads
2020-07-25 05:27:52.940 Processed : 3586285 reads
2020-07-25 05:27:52.940 Processed : 3609855 reads
2020-07-25 05:27:52.940 Processed : 3633427 reads
2020-07-25 05:27:52.941 Processed : 3657024 reads
2020-07-25 05:27:52.941 Processed : 3680653 reads
2020-07-25 05:27:52.941 Processed : 3704217 reads
2020-07-25 05:27:52.941 Processed : 3727798 reads
2020-07-25 05:27:52.941 Processed : 3751363 reads
2020-07-25 05:27:52.941 Processed : 3774933 reads
2020-07-25 05:27:52.941 Processed : 3798502 reads
2020-07-25 05:27:52.941 Processed : 3822133 reads
2020-07-25 05:27:52.941 Processed : 3845708 reads
2020-07-25 05:27:52.941 Processed : 3869297 reads
2020-07-25 05:27:52.941 Processed : 3888167 reads
2020-07-25 05:27:52.941 Processed : 3911726 reads
2020-07-25 05:27:52.941 Processed : 3935302 reads
2020-07-25 05:27:52.942 se:
2020-07-25 05:27:52.942 prep: done
2020-07-25 05:27:52.942 align: starting read alignment
2020-07-25 05:27:52.942 Executing bwa and samtools commands:
2020-07-25 05:27:52.943 /root/conda/bin/bwa mem -C -t 4 /srv/qgen/data/genome/hg19/ucsc.hg19.fa /srv/qgen/qiaseq-dna/out2_multisamples_NEB_S2_1/NEB_S2.prep.R1.fastq /srv/qgen/qiaseq-dna/out2_multisamples_NEB_S2_1/NEB_S2.prep.R2.fastq 2>/srv/qgen/qiaseq-dna/out2_multisamples_NEB_S2_1/NEB_S2.align.bwa.log | /root/conda/bin/samtools view -S -1 -@ 4 -  1> /srv/qgen/qiaseq-dna/out2_multisamples_NEB_S2_1/NEB_S2.align.bam 2> /srv/qgen/qiaseq-dna/out2_multisamples_NEB_S2_1/NEB_S2.align.samtools.log
2020-07-25 05:27:52.943 in
2020-07-25 05:27:52.943 /srv/qgen/qiaseq-dna/out2_multisamples_NEB_S2_1
2020-07-25 05:27:52.943 with configuration
2020-07-25 05:27:52.943 <ConfigObj {'dbSnpFile': '/srv/qgen/data/annotation/common_all_20160601.vcf.gz', 'duplex': False, 'mismatchThr': '6.0', 'runCNV': 'True', 'vcfComplexGapMax': '3', 'multimodal': False, 'primerFile': '/srv/qgen/example/DHS-101Z.primers.txt', 'torrentBinDir': '/srv/qgen/bin/TorrentSuite/', 'platform': 'Illumina', 'tagNameDuplex': 'Du', 'tagNameResample': 're', 'snpEffPath': '/root/conda/share/snpeff-4.3.1t-3/', 'hpLen': '8', 'outputPath': '/srv/qgen/qiaseq-dna/out2_multisamples_NEB_S2_1', 'cosmicFile': '/srv/qgen/data/annotation/CosmicAllMuts_v69_20140602.vcf.gz', 'srBed': '/srv/qgen/data/annotation/SR_LC_SL.full.bed', 'primer3Bases': '8', 'javaExe': '/root/conda/jre/bin/java', 'outputDetail': True, 'sampleType': 'Single', 'endogenousLenMin': '15', 'repBed': '/srv/qgen/data/annotation/simpleRepeat.full.bed', 'snpEffData': '/root/conda/share/snpeff-4.3.1t-3/data/', 'minBQ': '25', 'primerDist': '2', 'consThr': '0.8', 'deleteLocalFiles': False, 'tagNamePrimer': 'pr', 'sswPyFile': '/srv/qgen/bin/ssw/src/ssw_wrap.py', 'numCores': '4', 'bwaDir': '/root/conda/bin/', 'readFile1': '/srv/qgen/example/NEB_S2_L001_R1_001.fastq.gz', 'maxAltAllele': '2', 'snpEffConfig': '/root/conda/share/snpeff-4.3.1t-3/snpEff.config', 'tagNamePrimerErr': 'pe', 'samtoolsMem': '2500M', 'readFile2': '/srv/qgen/example/NEB_S2_L001_R2_001.fastq.gz', 'trimScript': 'core/prep_trim.py', 'pValCutoff': '0.1', 'quandicoDir': 'copy_number/', 'snpSiftConfig': '/root/conda/share/snpsift-4.3.1t-1/snpEff.config', 'roiBedFile': '/srv/qgen/example/DHS-101Z.roi.bed', 'tagNameUmiSeq': 'mi', 'cutadaptDir': '/root/conda/bin/', 'tumorPurity': '0.90', 'snpSiftPath': '/root/conda/share/snpsift-4.3.1t-1/', 'samtoolsDir': '/root/conda/bin/', 'instrument': 'MiSeq', 'umiCutoff': '10', 'readSet': '/srv/qgen/qiaseq-dna/out2_multisamples_NEB_S2_1/NEB_S2', 'vcflibDir': '/srv/qgen/bin/vcflib/bin/', 'minMQ': '50', 'minAltUMI': '3', 'clinVarFile': '/srv/qgen/data/annotation/clinvar_20160531.vcf.gz', 'tagNameUmi': 'Mi', 'genomeFile': '/srv/qgen/data/genome/hg19/ucsc.hg19.fa'}>
2020-07-25 05:46:11.501 align: done aligning reads to genome, bam file: /srv/qgen/qiaseq-dna/out2_multisamples_NEB_S2_1/NEB_S2.align.bam
2020-07-25 05:46:11.623 umi_filter: starting...
2020-07-25 05:46:11.625 ('# of primers:', 651)
2020-07-25 05:48:33.406 umi_filter: done
2020-07-25 05:48:33.416 umi_mark starting...
2020-07-25 05:49:05.667 umi_mark: done sorting read alignments by random fragmentation position
2020-07-25 05:50:14.813 umi_mark: done
2020-07-25 05:50:14.814 umi_frags starting...
2020-07-25 05:50:26.367 umi_depths starting...
2020-07-25 05:50:35.147 umi_depths: done sorting UMI read alignment file by random fragmentation position
2020-07-25 05:51:32.376 umi_depths: done making depth bedgraphs
2020-07-25 05:51:32.907 umi_depths: done making UMI depth bedgraph over ROI only, and computing depth uniformity
2020-07-25 05:51:33.245 umi_depths: done making UMI depth bedgraph over ROI only, and computing depth uniformity
2020-07-25 05:51:33.247 umi_depths: done writing regions below 20% of mean UMI depth
2020-07-25 05:51:33.249 umi_merge starting...
2020-07-25 05:51:59.055 umi_merge: done sorting molecule-marked alignments text file by read id
2020-07-25 05:52:44.526 umi_merge: done converting input BAM to SAM
2020-07-25 05:54:01.412 umi_merge: done sorting SAM by read id
2020-07-25 05:55:45.254 umi_merge: done merging unique molecule tag to sam file
2020-07-25 05:56:26.492 umi_merge: done converting SAM to BAM
2020-07-25 05:56:26.987 primer_clip starting...
2020-07-25 05:56:59.618 # read pairs processed: 1,000,000
2020-07-25 05:57:31.892 # read pairs processed: 2,000,000
2020-07-25 05:58:05.044 # read pairs processed: 3,000,000
2020-07-25 05:58:17.768 ('# read pairs total', 3389367)
2020-07-25 05:58:17.768 ('# read pairs dropped because 100% soft clipped:', 0)
2020-07-25 05:58:17.768 # read pairs with R1 trimmed: 0
2020-07-25 05:58:17.768 sum_primer_umis starting...
2020-07-25 05:58:21.146 sum_specificity starting...
2020-07-25 05:58:41.811 sum_uniformity_primer starting...
2020-07-25 05:59:33.459 started smCounterv2 2020-07-25 05:59:33.459035
2020-07-25 05:59:33.464 smc2_arg
2020-07-25 05:59:33.464 sinBkgErrorDist
2020-07-25 05:59:33.464 /srv/qgen/data/annotation/bkg.error.v2.RData
2020-07-25 05:59:33.464 smc2_arg
2020-07-25 05:59:33.465 rpu
2020-07-25 05:59:33.465 0.0
2020-07-25 05:59:33.465 smc2_arg
2020-07-25 05:59:33.465 repBed
2020-07-25 05:59:33.465 /srv/qgen/data/annotation/simpleRepeat.full.bed
2020-07-25 05:59:33.465 smc2_arg
2020-07-25 05:59:33.465 bamFile
2020-07-25 05:59:33.465 NEB_S2.bam
2020-07-25 05:59:33.465 smc2_arg
2020-07-25 05:59:33.465 dupBkgErrorDist
2020-07-25 05:59:33.465 /srv/qgen/data/annotation/duplex.bkg.error.ga.RData
2020-07-25 05:59:33.466 smc2_arg
2020-07-25 05:59:33.466 mismatchThr
2020-07-25 05:59:33.466 6.0
2020-07-25 05:59:33.466 smc2_arg
2020-07-25 05:59:33.466 hpLen
2020-07-25 05:59:33.466 8
2020-07-25 05:59:33.466 smc2_arg
2020-07-25 05:59:33.466 inputVCF
2020-07-25 05:59:33.466 None
2020-07-25 05:59:33.466 smc2_arg
2020-07-25 05:59:33.466 srBed
2020-07-25 05:59:33.466 /srv/qgen/data/annotation/SR_LC_SL.full.bed
2020-07-25 05:59:33.467 smc2_arg
2020-07-25 05:59:33.467 bamType
2020-07-25 05:59:33.467 raw
2020-07-25 05:59:33.467 smc2_arg
2020-07-25 05:59:33.467 refGenome
2020-07-25 05:59:33.467 /srv/qgen/data/genome/hg19/ucsc.hg19.fa
2020-07-25 05:59:33.467 smc2_arg
2020-07-25 05:59:33.467 nCPU
2020-07-25 05:59:33.467 4
2020-07-25 05:59:33.467 smc2_arg
2020-07-25 05:59:33.467 maxAltAllele
2020-07-25 05:59:33.467 2
2020-07-25 05:59:33.468 smc2_arg
2020-07-25 05:59:33.468 primerDist
2020-07-25 05:59:33.468 2
2020-07-25 05:59:33.468 smc2_arg
2020-07-25 05:59:33.468 consThr
2020-07-25 05:59:33.468 0.8
2020-07-25 05:59:33.468 smc2_arg
2020-07-25 05:59:33.468 isDuplex
2020-07-25 05:59:33.468 False
2020-07-25 05:59:33.468 smc2_arg
2020-07-25 05:59:33.468 bedTarget
2020-07-25 05:59:33.468 /srv/qgen/example/DHS-101Z.roi.bed
2020-07-25 05:59:33.469 smc2_arg
2020-07-25 05:59:33.469 primerSide
2020-07-25 05:59:33.469 1
2020-07-25 05:59:33.469 smc2_arg
2020-07-25 05:59:33.469 runPath
2020-07-25 05:59:33.469 /srv/qgen/qiaseq-dna/out2_multisamples_NEB_S2_1
2020-07-25 05:59:33.469 smc2_arg
2020-07-25 05:59:33.469 primerTag
2020-07-25 05:59:33.469 pr
2020-07-25 05:59:33.469 smc2_arg
2020-07-25 05:59:33.469 outPrefix
2020-07-25 05:59:33.469 NEB_S2
2020-07-25 05:59:33.470 smc2_arg
2020-07-25 05:59:33.470 ds
2020-07-25 05:59:33.470 10000
2020-07-25 05:59:33.470 smc2_arg
2020-07-25 05:59:33.470 minBQ
2020-07-25 05:59:33.470 25
2020-07-25 05:59:33.470 smc2_arg
2020-07-25 05:59:33.470 duplexTag
2020-07-25 05:59:33.470 None
2020-07-25 05:59:33.470 smc2_arg
2020-07-25 05:59:33.470 minRpu
2020-07-25 05:59:33.470 2
2020-07-25 05:59:33.470 smc2_arg
2020-07-25 05:59:33.471 tagSeparator
2020-07-25 05:59:33.471 -
2020-07-25 05:59:33.471 smc2_arg
2020-07-25 05:59:33.471 mqTag
2020-07-25 05:59:33.471 MQ
2020-07-25 05:59:33.471 smc2_arg
2020-07-25 05:59:33.471 umiTag
2020-07-25 05:59:33.471 Mi
2020-07-25 05:59:33.471 smc2_arg
2020-07-25 05:59:33.471 isRna
2020-07-25 05:59:33.471 False
2020-07-25 05:59:33.471 smc2_arg
2020-07-25 05:59:33.472 minMQ
2020-07-25 05:59:33.472 50
2020-07-25 05:59:33.472 smc2_arg
2020-07-25 05:59:33.472 minAltUMI
2020-07-25 05:59:33.472 3
2020-07-25 06:00:01.170 rpu = 7.8, computed by smCounter2
2020-07-25 06:00:01.171 runtime	interval
sys.argv: ['run_qiaseq_dna.py', 'run_sm_counter_v2.params.txt', 'v2', 'single', 'out2_multisamples_{0}_{1}', 'NEB_S2', 'NEB_S2']
command: /root/conda/bin/python run_qiaseq_dna.py run_sm_counter_v2.params.txt v2 single out2_multisamples_{0}_{1} NEB_S2 NEB_S2
pid: 603341
Parameter cutadaptDir == /root/conda/bin/
Parameter bwaDir == /root/conda/bin/
Parameter samtoolsDir == /root/conda/bin/
Parameter javaExe == /root/conda/jre/bin/java
Parameter sswPyFile == /srv/qgen/bin/ssw/src/ssw_wrap.py
Parameter torrentBinDir == /srv/qgen/bin/TorrentSuite/
Parameter vcflibDir == /srv/qgen/bin/vcflib/bin/
Parameter quandicoDir == copy_number/
Parameter numCores == 0
Parameter deleteLocalFiles == False
Parameter samtoolsMem == 2500M
Parameter outputDetail == True
Parameter trimScript == core/prep_trim.py
Parameter primer3Bases == 8
Parameter genomeFile == /srv/qgen/data/genome/hg19/ucsc.hg19.fa
Parameter endogenousLenMin == 15
Parameter tagNameUmiSeq == mi
Parameter tagNameUmi == Mi
Parameter tagNameDuplex == Du
Parameter tagNamePrimer == pr
Parameter tagNamePrimerErr == pe
Parameter tagNameResample == re
Parameter vcfComplexGapMax == 3
Parameter snpEffPath == /root/conda/share/snpeff-4.3.1t-3/
Parameter snpEffConfig == /root/conda/share/snpeff-4.3.1t-3/snpEff.config
Parameter snpSiftPath == /root/conda/share/snpsift-4.3.1t-1/
Parameter snpSiftConfig == /root/conda/share/snpsift-4.3.1t-1/snpEff.config
Parameter snpEffData == /root/conda/share/snpeff-4.3.1t-3/data/
Parameter dbSnpFile == /srv/qgen/data/annotation/common_all_20160601.vcf.gz
Parameter cosmicFile == /srv/qgen/data/annotation/CosmicAllMuts_v69_20140602.vcf.gz
Parameter clinVarFile == /srv/qgen/data/annotation/clinvar_20160531.vcf.gz
Parameter umiCutoff == 10
Parameter pValCutoff == 0.1
Parameter tumorPurity == 0.90
Parameter minBQ == 25
Parameter minMQ == 50
Parameter hpLen == 8
Parameter mismatchThr == 6.0
Parameter consThr == 0.8
Parameter minAltUMI == 3
Parameter maxAltAllele == 2
Parameter primerDist == 2
Parameter repBed == /srv/qgen/data/annotation/simpleRepeat.full.bed
Parameter srBed == /srv/qgen/data/annotation/SR_LC_SL.full.bed
Parameter readFile1 == /srv/qgen/example/NEB_S2_L001_R1_001.fastq.gz
Parameter readFile2 == /srv/qgen/example/NEB_S2_L001_R2_001.fastq.gz
Parameter instrument == MiSeq
Parameter primerFile == /srv/qgen/example/DHS-101Z.primers.txt
Parameter roiBedFile == /srv/qgen/example/DHS-101Z.roi.bed
Parameter platform == Illumina
Parameter runCNV == True
Parameter sampleType == Single
Parameter duplex == False
We will write the log file in the path /srv/qgen/qiaseq-dna/out2_multisamples_NEB_S2_1/NEB_S2.run_log.2020.07.25_05.23.47.txt
started_log0 at 2020-07-25 05:23:47.264046
0:01:12.305889	chr1:115252180-115252359
2020-07-25 06:01:14.954 0:01:12.305889	chr1:115252180-115252359
0:00:52.743280	chr1:115256411-115256609
2020-07-25 06:02:07.749 0:00:52.743280	chr1:115256411-115256609
0:00:36.460507	chr1:115258661-115258808
2020-07-25 06:02:44.254 0:00:36.460507	chr1:115258661-115258808
0:00:05.978013	chr10:43609061-43609082
2020-07-25 06:02:50.268 0:00:05.978013	chr10:43609061-43609082
0:00:07.388660	chr10:43609086-43609114
2020-07-25 06:02:57.673 0:00:07.388660	chr10:43609086-43609114
0:00:11.738870	chr10:43609926-43609961
2020-07-25 06:03:09.431 0:00:11.738870	chr10:43609926-43609961
0:00:07.726908	chr10:43613830-43613851
2020-07-25 06:03:17.183 0:00:07.726908	chr10:43613830-43613851
0:00:08.596107	chr10:43613895-43613919
2020-07-25 06:03:25.800 0:00:08.596107	chr10:43613895-43613919
0:00:07.663071	chr10:43615558-43615579
2020-07-25 06:03:33.482 0:00:07.663071	chr10:43615558-43615579
0:00:08.455949	chr10:43615583-43615604
2020-07-25 06:03:41.960 0:00:08.455949	chr10:43615583-43615604
0:00:04.748006	chr10:43617406-43617427
2020-07-25 06:03:46.730 0:00:04.748006	chr10:43617406-43617427
0:00:02.870495	chr12:25360214-25360234
2020-07-25 06:03:49.612 0:00:02.870495	chr12:25360214-25360234
0:00:04.003853	chr12:25362795-25362815
2020-07-25 06:03:53.622 0:00:04.003853	chr12:25362795-25362815
0:01:04.321039	chr12:25378538-25378717
2020-07-25 06:04:57.951 0:01:04.321039	chr12:25378538-25378717
0:00:54.598373	chr12:25380158-25380356
2020-07-25 06:05:52.601 0:00:54.598373	chr12:25380158-25380356
0:00:46.512530	chr12:25398198-25398339
2020-07-25 06:06:39.159 0:00:46.512530	chr12:25398198-25398339
0:00:05.021969	chr12:56477621-56477641
2020-07-25 06:06:44.220 0:00:05.021969	chr12:56477621-56477641
0:00:05.145315	chr12:56478844-56478864
2020-07-25 06:06:49.404 0:00:05.145315	chr12:56478844-56478864
0:00:06.118403	chr12:56481912-56481932
2020-07-25 06:06:55.534 0:00:06.118403	chr12:56481912-56481932
0:00:06.397664	chr12:56482331-56482351
2020-07-25 06:07:01.945 0:00:06.397664	chr12:56482331-56482351
0:00:06.936781	chr12:56482527-56482547
2020-07-25 06:07:08.900 0:00:06.936781	chr12:56482527-56482547
0:00:04.969447	chr12:56487191-56487211
2020-07-25 06:07:13.886 0:00:04.969447	chr12:56487191-56487211
0:00:07.331984	chr12:56492623-56492643
2020-07-25 06:07:21.229 0:00:07.331984	chr12:56492623-56492643
0:00:06.239743	chr12:56494988-56495008
2020-07-25 06:07:27.485 0:00:06.239743	chr12:56494988-56495008
0:00:05.961528	chr14:105246541-105246562
2020-07-25 06:07:33.464 0:00:05.961528	chr14:105246541-105246562
0:00:07.881584	chr15:90631828-90631849
2020-07-25 06:07:41.359 0:00:07.881584	chr15:90631828-90631849
0:00:07.260326	chr15:90631924-90631945
2020-07-25 06:07:48.639 0:00:07.260326	chr15:90631924-90631945
0:00:24.340459	chr17:7572917-7573018
2020-07-25 06:08:13.006 0:00:24.340459	chr17:7572917-7573018
0:00:27.756746	chr17:7573917-7574043
2020-07-25 06:08:40.797 0:00:27.756746	chr17:7573917-7574043
0:00:33.336121	chr17:7576527-7576594
2020-07-25 06:09:14.163 0:00:33.336121	chr17:7576527-7576594
0:00:19.559786	chr17:7576615-7576667
2020-07-25 06:09:33.764 0:00:19.559786	chr17:7576615-7576667
0:00:35.608058	chr17:7576843-7576936
2020-07-25 06:10:09.407 0:00:35.608058	chr17:7576843-7576936
0:00:58.551379	chr17:7577009-7577165
2020-07-25 06:11:07.995 0:00:58.551379	chr17:7577009-7577165
0:00:29.753015	chr17:7577489-7577618
2020-07-25 06:11:37.802 0:00:29.753015	chr17:7577489-7577618
0:00:44.034002	chr17:7578167-7578299
2020-07-25 06:12:21.863 0:00:44.034002	chr17:7578167-7578299
0:01:09.334996	chr17:7578361-7578564
2020-07-25 06:13:31.235 0:01:09.334996	chr17:7578361-7578564
0:01:44.290064	chr17:7579302-7579552
2020-07-25 06:15:15.582 0:01:44.290064	chr17:7579302-7579552
0:00:12.076805	chr17:7579553-7579600
2020-07-25 06:15:27.739 0:00:12.076805	chr17:7579553-7579600
0:00:08.213339	chr17:7579690-7579731
2020-07-25 06:15:35.976 0:00:08.213339	chr17:7579690-7579731
0:00:20.577593	chr17:7579829-7579922
2020-07-25 06:15:56.566 0:00:20.577593	chr17:7579829-7579922
0:00:09.260283	chr17:37855803-37855850
2020-07-25 06:16:05.846 0:00:09.260283	chr17:37855803-37855850
0:00:15.683198	chr17:37856482-37856574
2020-07-25 06:16:21.541 0:00:15.683198	chr17:37856482-37856574
0:01:06.270204	chr17:37863233-37863404
2020-07-25 06:17:27.826 0:01:06.270204	chr17:37863233-37863404
0:01:34.227365	chr17:37864564-37864797
2020-07-25 06:19:02.104 0:01:34.227365	chr17:37864564-37864797
0:00:43.069623	chr17:37865561-37865715
2020-07-25 06:19:45.246 0:00:43.069623	chr17:37865561-37865715
0:00:28.193396	chr17:37866056-37866144
2020-07-25 06:20:13.477 0:00:28.193396	chr17:37866056-37866144
0:00:51.841324	chr17:37866329-37866464
2020-07-25 06:21:05.344 0:00:51.841324	chr17:37866329-37866464
0:00:53.963470	chr17:37866583-37866744
2020-07-25 06:21:59.350 0:00:53.963470	chr17:37866583-37866744
0:00:49.035096	chr17:37868171-37868310
2020-07-25 06:22:48.437 0:00:49.035096	chr17:37868171-37868310
0:00:37.282625	chr17:37868565-37868711
2020-07-25 06:23:25.768 0:00:37.282625	chr17:37868565-37868711
0:00:26.621273	chr17:37871529-37871622
2020-07-25 06:23:52.417 0:00:26.621273	chr17:37871529-37871622
0:00:29.537233	chr17:37871689-37871799
2020-07-25 06:24:21.980 0:00:29.537233	chr17:37871689-37871799
0:01:39.838030	chr17:37871983-37872202
2020-07-25 06:26:01.847 0:01:39.838030	chr17:37871983-37872202
0:01:00.556909	chr17:37872544-37872696
2020-07-25 06:27:02.480 0:01:00.556909	chr17:37872544-37872696
0:00:50.171035	chr17:37872758-37872868
2020-07-25 06:27:52.712 0:00:50.171035	chr17:37872758-37872868
0:01:05.282165	chr17:37873563-37873743
2020-07-25 06:28:58.102 0:01:05.282165	chr17:37873563-37873743
0:00:19.493862	chr17:37876030-37876097
2020-07-25 06:29:17.756 0:00:19.493862	chr17:37876030-37876097
0:00:41.060806	chr17:37879562-37879720
2020-07-25 06:29:58.835 0:00:41.060806	chr17:37879562-37879720
0:00:49.308578	chr17:37879781-37879923
2020-07-25 06:30:48.183 0:00:49.308578	chr17:37879781-37879923
0:00:46.389799	chr17:37880155-37880273
2020-07-25 06:31:34.622 0:00:46.389799	chr17:37880155-37880273
0:01:26.687732	chr17:37880969-37881174
2020-07-25 06:33:01.350 0:01:26.687732	chr17:37880969-37881174
0:00:47.295338	chr17:37881292-37881467
2020-07-25 06:33:48.710 0:00:47.295338	chr17:37881292-37881467
0:00:25.205429	chr17:37881570-37881665
2020-07-25 06:34:13.958 0:00:25.205429	chr17:37881570-37881665
0:00:55.783774	chr17:37881950-37882116
2020-07-25 06:35:09.773 0:00:55.783774	chr17:37881950-37882116
0:00:32.576757	chr17:37882805-37882922
2020-07-25 06:35:42.398 0:00:32.576757	chr17:37882805-37882922
0:01:32.247919	chr17:37883058-37883266
2020-07-25 06:37:14.677 0:01:32.247919	chr17:37883058-37883266
0:01:42.447218	chr17:37883538-37883788
2020-07-25 06:38:57.203 0:01:42.447218	chr17:37883538-37883788
0:00:07.622370	chr17:37883789-37883810
2020-07-25 06:39:04.912 0:00:07.622370	chr17:37883789-37883810
0:01:32.659050	chr17:37883932-37884182
2020-07-25 06:40:37.593 0:01:32.659050	chr17:37883932-37884182
0:00:49.576001	chr17:37884183-37884307
2020-07-25 06:41:27.242 0:00:49.576001	chr17:37884183-37884307
0:00:06.165088	chr19:3118932-3118953
2020-07-25 06:41:33.474 0:00:06.165088	chr19:3118932-3118953
0:00:06.977193	chr2:29416471-29416491
2020-07-25 06:41:40.468 0:00:06.977193	chr2:29416471-29416491
0:00:08.113678	chr2:29416605-29416625
2020-07-25 06:41:48.600 0:00:08.113678	chr2:29416605-29416625
0:00:24.607884	chr2:29432645-29432693
2020-07-25 06:42:13.235 0:00:24.607884	chr2:29432645-29432693
0:00:06.285931	chr2:29436848-29436870
2020-07-25 06:42:19.554 0:00:06.285931	chr2:29436848-29436870
0:00:22.200625	chr2:29443597-29443641
2020-07-25 06:42:41.769 0:00:22.200625	chr2:29443597-29443641
0:00:09.534801	chr2:29443684-29443707
2020-07-25 06:42:51.344 0:00:09.534801	chr2:29443684-29443707
0:00:08.632844	chr2:29445182-29445223
2020-07-25 06:43:00.007 0:00:08.632844	chr2:29445182-29445223
0:00:09.978790	chr2:29445246-29445283
2020-07-25 06:43:10.001 0:00:09.978790	chr2:29445246-29445283
0:00:06.019328	chr2:29446286-29446306
2020-07-25 06:43:16.037 0:00:06.019328	chr2:29446286-29446306
0:00:06.115295	chr2:29448400-29448420
2020-07-25 06:43:22.167 0:00:06.115295	chr2:29448400-29448420
0:00:06.886172	chr2:29449809-29449829
2020-07-25 06:43:29.072 0:00:06.886172	chr2:29449809-29449829
0:00:04.981021	chr2:29455257-29455277
2020-07-25 06:43:34.070 0:00:04.981021	chr2:29455257-29455277
0:00:06.878511	chr2:29541181-29541201
2020-07-25 06:43:40.960 0:00:06.878511	chr2:29541181-29541201
0:00:05.903636	chr2:29606669-29606689
2020-07-25 06:43:46.880 0:00:05.903636	chr2:29606669-29606689
0:00:07.328896	chr2:209113103-209113124
2020-07-25 06:43:54.224 0:00:07.328896	chr2:209113103-209113124
0:00:06.417298	chr3:12626113-12626133
2020-07-25 06:44:00.660 0:00:06.417298	chr3:12626113-12626133
0:00:06.134370	chr3:12645689-12645709
2020-07-25 06:44:06.810 0:00:06.134370	chr3:12645689-12645709
0:01:36.751906	chr3:41266007-41266254
2020-07-25 06:45:43.579 0:01:36.751906	chr3:41266007-41266254
0:00:05.944770	chr3:138665153-138665174
2020-07-25 06:45:49.599 0:00:05.944770	chr3:138665153-138665174
0:01:54.579503	chr3:178916604-178916854
2020-07-25 06:47:44.195 0:01:54.579503	chr3:178916604-178916854
0:00:46.014425	chr3:178916855-178916975
2020-07-25 06:48:30.303 0:00:46.014425	chr3:178916855-178916975
0:01:05.615498	chr3:178917468-178917697
2020-07-25 06:49:35.968 0:01:05.615498	chr3:178917468-178917697
0:01:57.922287	chr3:178919068-178919318
2020-07-25 06:51:33.951 0:01:57.922287	chr3:178919068-178919318
0:00:04.126169	chr3:178919319-178919338
2020-07-25 06:51:38.166 0:00:04.126169	chr3:178919319-178919338
0:01:47.194362	chr3:178921322-178921572
2020-07-25 06:53:25.398 0:01:47.194362	chr3:178921322-178921572
0:00:05.085301	chr3:178921573-178921587
2020-07-25 06:53:30.572 0:00:05.085301	chr3:178921573-178921587
0:00:18.389204	chr3:178922281-178922386
2020-07-25 06:53:48.989 0:00:18.389204	chr3:178922281-178922386
0:00:35.913797	chr3:178927373-178927498
2020-07-25 06:54:24.925 0:00:35.913797	chr3:178927373-178927498
0:01:08.054276	chr3:178927964-178928136
2020-07-25 06:55:33.021 0:01:08.054276	chr3:178927964-178928136
0:01:05.172055	chr3:178928209-178928363
2020-07-25 06:56:38.250 0:01:05.172055	chr3:178928209-178928363
0:00:41.804275	chr3:178935988-178936132
2020-07-25 06:57:20.112 0:00:41.804275	chr3:178935988-178936132
0:00:28.415914	chr3:178936974-178937075
2020-07-25 06:57:48.564 0:00:28.415914	chr3:178936974-178937075
0:00:54.406044	chr3:178937349-178937533
2020-07-25 06:58:43.003 0:00:54.406044	chr3:178937349-178937533
0:00:35.821712	chr3:178937727-178937850
2020-07-25 06:59:18.887 0:00:35.821712	chr3:178937727-178937850
0:01:08.355221	chr3:178938764-178938955
2020-07-25 07:00:27.280 0:01:08.355221	chr3:178938764-178938955
0:00:37.121925	chr3:178941859-178941985
2020-07-25 07:01:04.460 0:00:37.121925	chr3:178941859-178941985
0:00:29.517554	chr3:178942478-178942619
2020-07-25 07:01:34.116 0:00:29.517554	chr3:178942478-178942619
0:00:28.602321	chr3:178943740-178943838
2020-07-25 07:02:02.749 0:00:28.602321	chr3:178943740-178943838
0:01:09.251211	chr3:178947050-178947240
2020-07-25 07:03:12.031 0:01:09.251211	chr3:178947050-178947240
0:00:55.504477	chr3:178947782-178947919
2020-07-25 07:04:07.595 0:00:55.504477	chr3:178947782-178947919
0:01:15.234093	chr3:178948003-178948174
2020-07-25 07:05:22.884 0:01:15.234093	chr3:178948003-178948174
0:01:24.338143	chr3:178951872-178952122
2020-07-25 07:06:47.290 0:01:24.338143	chr3:178951872-178952122
0:00:04.542239	chr3:178952123-178952162
2020-07-25 07:06:51.895 0:00:04.542239	chr3:178952123-178952162
0:00:07.375373	chr4:55127438-55127458
2020-07-25 07:06:59.278 0:00:07.375373	chr4:55127438-55127458
0:00:03.572548	chr4:55130068-55130088
2020-07-25 07:07:02.869 0:00:03.572548	chr4:55130068-55130088
0:00:06.028074	chr4:55131108-55131128
2020-07-25 07:07:08.905 0:00:06.028074	chr4:55131108-55131128
0:00:11.882686	chr4:55131132-55131171
2020-07-25 07:07:20.808 0:00:11.882686	chr4:55131132-55131171
0:00:04.465997	chr4:55133716-55133736
2020-07-25 07:07:25.298 0:00:04.465997	chr4:55133716-55133736
0:00:06.199108	chr4:55139761-55139781
2020-07-25 07:07:31.507 0:00:06.199108	chr4:55139761-55139781
0:00:46.482354	chr4:55140998-55141150
2020-07-25 07:08:18.002 0:00:46.482354	chr4:55140998-55141150
0:00:07.081284	chr4:55143567-55143587
2020-07-25 07:08:25.119 0:00:07.081284	chr4:55143567-55143587
0:00:45.998435	chr4:55144053-55144183
2020-07-25 07:09:11.135 0:00:45.998435	chr4:55144053-55144183
0:00:04.247294	chr4:55144537-55144557
2020-07-25 07:09:15.419 0:00:04.247294	chr4:55144537-55144557
0:00:41.981490	chr4:55151998-55152140
2020-07-25 07:09:57.411 0:00:41.981490	chr4:55151998-55152140
0:00:07.461197	chr4:55153537-55153558
2020-07-25 07:10:04.915 0:00:07.461197	chr4:55153537-55153558
0:00:04.836108	chr4:55161370-55161390
2020-07-25 07:10:09.769 0:00:04.836108	chr4:55161370-55161390
0:00:10.304052	chr4:55561748-55561775
2020-07-25 07:10:20.085 0:00:10.304052	chr4:55561748-55561775
0:00:12.342290	chr4:55589758-55589788
2020-07-25 07:10:32.447 0:00:12.342290	chr4:55589758-55589788
0:01:16.609296	chr4:55592013-55592226
2020-07-25 07:11:49.080 0:01:16.609296	chr4:55592013-55592226
0:00:15.100051	chr4:55593454-55593491
2020-07-25 07:12:04.240 0:00:15.100051	chr4:55593454-55593491
0:00:47.893815	chr4:55593572-55593718
2020-07-25 07:12:52.162 0:00:47.893815	chr4:55593572-55593718
0:00:36.059006	chr4:55594167-55594297
2020-07-25 07:13:28.266 0:00:36.059006	chr4:55594167-55594297
0:00:57.919857	chr4:55595491-55595661
2020-07-25 07:14:26.214 0:00:57.919857	chr4:55595491-55595661
0:00:04.616212	chr4:55597485-55597507
2020-07-25 07:14:30.880 0:00:04.616212	chr4:55597485-55597507
0:00:07.348314	chr4:55599149-55599169
2020-07-25 07:14:38.238 0:00:07.348314	chr4:55599149-55599169
0:00:39.130234	chr4:55599226-55599368
2020-07-25 07:15:17.394 0:00:39.130234	chr4:55599226-55599368
0:00:05.460943	chr4:55599391-55599411
2020-07-25 07:15:22.898 0:00:05.460943	chr4:55599391-55599411
0:00:07.463500	chr4:55602654-55602674
2020-07-25 07:15:30.374 0:00:07.463500	chr4:55602654-55602674
0:00:08.619477	chr4:55602684-55602704
2020-07-25 07:15:39.020 0:00:08.619477	chr4:55602684-55602704
0:00:08.748009	chr4:55602753-55602775
2020-07-25 07:15:47.799 0:00:08.748009	chr4:55602753-55602775
0:00:04.700184	chr4:55603362-55603382
2020-07-25 07:15:52.520 0:00:04.700184	chr4:55603362-55603382
0:00:08.035390	chr4:55604649-55604669
2020-07-25 07:16:00.566 0:00:08.035390	chr4:55604649-55604669
0:00:05.667428	chr6:152129067-152129087
2020-07-25 07:16:06.252 0:00:05.667428	chr6:152129067-152129087
0:00:06.545700	chr6:152265445-152265465
2020-07-25 07:16:12.824 0:00:06.545700	chr6:152265445-152265465
0:00:05.002620	chr6:152396026-152396046
2020-07-25 07:16:17.843 0:00:05.002620	chr6:152396026-152396046
0:00:07.340700	chr6:152419912-152419936
2020-07-25 07:16:25.220 0:00:07.340700	chr6:152419912-152419936
0:00:04.692492	chr6:152420085-152420105
2020-07-25 07:16:29.928 0:00:04.692492	chr6:152420085-152420105
0:00:04.000106	chr7:55210065-55210087
2020-07-25 07:16:33.941 0:00:04.000106	chr7:55210065-55210087
0:00:10.802165	chr7:55211070-55211107
2020-07-25 07:16:44.750 0:00:10.802165	chr7:55211070-55211107
0:00:06.365770	chr7:55214338-55214358
2020-07-25 07:16:51.133 0:00:06.365770	chr7:55214338-55214358
0:00:04.209016	chr7:55220264-55220284
2020-07-25 07:16:55.359 0:00:04.209016	chr7:55220264-55220284
0:00:08.624415	chr7:55221700-55221720
2020-07-25 07:17:03.993 0:00:08.624415	chr7:55221700-55221720
0:00:09.284361	chr7:55221733-55221753
2020-07-25 07:17:13.305 0:00:09.284361	chr7:55221733-55221753
0:00:09.353474	chr7:55221811-55221832
2020-07-25 07:17:22.686 0:00:09.353474	chr7:55221811-55221832
0:00:04.765313	chr7:55223533-55223553
2020-07-25 07:17:27.477 0:00:04.765313	chr7:55223533-55223553
0:00:03.767101	chr7:55227997-55228019
2020-07-25 07:17:31.258 0:00:03.767101	chr7:55227997-55228019
0:00:07.211683	chr7:55229245-55229265
2020-07-25 07:17:38.477 0:00:07.211683	chr7:55229245-55229265
0:00:11.611115	chr7:55233027-55233053
2020-07-25 07:17:50.107 0:00:11.611115	chr7:55233027-55233053
0:00:06.921169	chr7:55233099-55233119
2020-07-25 07:17:57.053 0:00:06.921169	chr7:55233099-55233119
0:00:09.462334	chr7:55238077-55238097
2020-07-25 07:18:06.533 0:00:09.462334	chr7:55238077-55238097
0:00:07.733215	chr7:55238102-55238122
2020-07-25 07:18:14.289 0:00:07.733215	chr7:55238102-55238122
0:00:06.155788	chr7:55240697-55240717
2020-07-25 07:18:20.465 0:00:06.155788	chr7:55240697-55240717
0:00:08.171799	chr7:55240776-55240816
2020-07-25 07:18:28.653 0:00:08.171799	chr7:55240776-55240816
0:00:07.710858	chr7:55241617-55241637
2020-07-25 07:18:36.380 0:00:07.710858	chr7:55241617-55241637
0:00:27.797532	chr7:55241646-55241736
2020-07-25 07:19:04.196 0:00:27.797532	chr7:55241646-55241736
0:00:03.910910	chr7:55241745-55241765
2020-07-25 07:19:08.139 0:00:03.910910	chr7:55241745-55241765
0:00:43.534746	chr7:55242405-55242523
2020-07-25 07:19:51.704 0:00:43.534746	chr7:55242405-55242523
0:01:12.845139	chr7:55248976-55249181
2020-07-25 07:21:04.591 0:01:12.845139	chr7:55248976-55249181
0:01:09.914587	chr7:55259402-55259577
2020-07-25 07:22:14.565 0:01:09.914587	chr7:55259402-55259577
0:00:04.626706	chr7:55260473-55260493
2020-07-25 07:22:19.247 0:00:04.626706	chr7:55260473-55260493
0:00:05.877935	chr7:55266459-55266481
2020-07-25 07:22:25.137 0:00:05.877935	chr7:55266459-55266481
0:00:03.660378	chr7:55268906-55268926
2020-07-25 07:22:28.812 0:00:03.660378	chr7:55268906-55268926
0:00:06.331210	chr7:116423397-116423418
2020-07-25 07:22:35.151 0:00:06.331210	chr7:116423397-116423418
0:00:06.496226	chr7:116423464-116423485
2020-07-25 07:22:41.665 0:00:06.496226	chr7:116423464-116423485
0:00:09.237891	chr7:140449140-140449180
2020-07-25 07:22:50.920 0:00:09.237891	chr7:140449140-140449180
0:00:50.409162	chr7:140453065-140453203
2020-07-25 07:23:41.340 0:00:50.409162	chr7:140453065-140453203
0:00:35.132757	chr7:140477781-140477885
2020-07-25 07:24:16.517 0:00:35.132757	chr7:140477781-140477885
0:00:49.208562	chr7:140481376-140481503
2020-07-25 07:25:05.762 0:00:49.208562	chr7:140481376-140481503
0:00:07.260304	chr7:140500155-140500175
2020-07-25 07:25:13.063 0:00:07.260304	chr7:140500155-140500175
0:00:06.326876	chr9:80409478-80409500
2020-07-25 07:25:19.410 0:00:06.326876	chr9:80409478-80409500
sys.argv: ['run_qiaseq_dna.py', 'run_sm_counter_v2.params.txt', 'v2', 'single', 'out2_multisamples_{0}_{1}', 'NEB_S2', 'NEB_S2']
command: /root/conda/bin/python run_qiaseq_dna.py run_sm_counter_v2.params.txt v2 single out2_multisamples_{0}_{1} NEB_S2 NEB_S2
pid: 603341
Parameter cutadaptDir == /root/conda/bin/
Parameter bwaDir == /root/conda/bin/
Parameter samtoolsDir == /root/conda/bin/
Parameter javaExe == /root/conda/jre/bin/java
Parameter sswPyFile == /srv/qgen/bin/ssw/src/ssw_wrap.py
Parameter torrentBinDir == /srv/qgen/bin/TorrentSuite/
Parameter vcflibDir == /srv/qgen/bin/vcflib/bin/
Parameter quandicoDir == copy_number/
Parameter numCores == 0
Parameter deleteLocalFiles == False
Parameter samtoolsMem == 2500M
Parameter outputDetail == True
Parameter trimScript == core/prep_trim.py
Parameter primer3Bases == 8
Parameter genomeFile == /srv/qgen/data/genome/hg19/ucsc.hg19.fa
Parameter endogenousLenMin == 15
Parameter tagNameUmiSeq == mi
Parameter tagNameUmi == Mi
Parameter tagNameDuplex == Du
Parameter tagNamePrimer == pr
Parameter tagNamePrimerErr == pe
Parameter tagNameResample == re
Parameter vcfComplexGapMax == 3
Parameter snpEffPath == /root/conda/share/snpeff-4.3.1t-3/
Parameter snpEffConfig == /root/conda/share/snpeff-4.3.1t-3/snpEff.config
Parameter snpSiftPath == /root/conda/share/snpsift-4.3.1t-1/
Parameter snpSiftConfig == /root/conda/share/snpsift-4.3.1t-1/snpEff.config
Parameter snpEffData == /root/conda/share/snpeff-4.3.1t-3/data/
Parameter dbSnpFile == /srv/qgen/data/annotation/common_all_20160601.vcf.gz
Parameter cosmicFile == /srv/qgen/data/annotation/CosmicAllMuts_v69_20140602.vcf.gz
Parameter clinVarFile == /srv/qgen/data/annotation/clinvar_20160531.vcf.gz
Parameter umiCutoff == 10
Parameter pValCutoff == 0.1
Parameter tumorPurity == 0.90
Parameter minBQ == 25
Parameter minMQ == 50
Parameter hpLen == 8
Parameter mismatchThr == 6.0
Parameter consThr == 0.8
Parameter minAltUMI == 3
Parameter maxAltAllele == 2
Parameter primerDist == 2
Parameter repBed == /srv/qgen/data/annotation/simpleRepeat.full.bed
Parameter srBed == /srv/qgen/data/annotation/SR_LC_SL.full.bed
Parameter readFile1 == /srv/qgen/example/NEB_S2_L001_R1_001.fastq.gz
Parameter readFile2 == /srv/qgen/example/NEB_S2_L001_R2_001.fastq.gz
Parameter instrument == MiSeq
Parameter primerFile == /srv/qgen/example/DHS-101Z.primers.txt
Parameter roiBedFile == /srv/qgen/example/DHS-101Z.roi.bed
Parameter platform == Illumina
Parameter runCNV == True
Parameter sampleType == Single
Parameter duplex == False
We will write the log file in the path /srv/qgen/qiaseq-dna/out2_multisamples_NEB_S2_1/NEB_S2.run_log.2020.07.25_05.23.47.txt
started_log0 at 2020-07-25 05:23:47.264046
0:00:04.567153	chr12:25362795-25362815
2020-07-25 07:25:24.141 0:00:04.567153	chr12:25362795-25362815
sys.argv: ['run_qiaseq_dna.py', 'run_sm_counter_v2.params.txt', 'v2', 'single', 'out2_multisamples_{0}_{1}', 'NEB_S2', 'NEB_S2']
command: /root/conda/bin/python run_qiaseq_dna.py run_sm_counter_v2.params.txt v2 single out2_multisamples_{0}_{1} NEB_S2 NEB_S2
pid: 603341
Parameter cutadaptDir == /root/conda/bin/
Parameter bwaDir == /root/conda/bin/
Parameter samtoolsDir == /root/conda/bin/
Parameter javaExe == /root/conda/jre/bin/java
Parameter sswPyFile == /srv/qgen/bin/ssw/src/ssw_wrap.py
Parameter torrentBinDir == /srv/qgen/bin/TorrentSuite/
Parameter vcflibDir == /srv/qgen/bin/vcflib/bin/
Parameter quandicoDir == copy_number/
Parameter numCores == 0
Parameter deleteLocalFiles == False
Parameter samtoolsMem == 2500M
Parameter outputDetail == True
Parameter trimScript == core/prep_trim.py
Parameter primer3Bases == 8
Parameter genomeFile == /srv/qgen/data/genome/hg19/ucsc.hg19.fa
Parameter endogenousLenMin == 15
Parameter tagNameUmiSeq == mi
Parameter tagNameUmi == Mi
Parameter tagNameDuplex == Du
Parameter tagNamePrimer == pr
Parameter tagNamePrimerErr == pe
Parameter tagNameResample == re
Parameter vcfComplexGapMax == 3
Parameter snpEffPath == /root/conda/share/snpeff-4.3.1t-3/
Parameter snpEffConfig == /root/conda/share/snpeff-4.3.1t-3/snpEff.config
Parameter snpSiftPath == /root/conda/share/snpsift-4.3.1t-1/
Parameter snpSiftConfig == /root/conda/share/snpsift-4.3.1t-1/snpEff.config
Parameter snpEffData == /root/conda/share/snpeff-4.3.1t-3/data/
Parameter dbSnpFile == /srv/qgen/data/annotation/common_all_20160601.vcf.gz
Parameter cosmicFile == /srv/qgen/data/annotation/CosmicAllMuts_v69_20140602.vcf.gz
Parameter clinVarFile == /srv/qgen/data/annotation/clinvar_20160531.vcf.gz
Parameter umiCutoff == 10
Parameter pValCutoff == 0.1
Parameter tumorPurity == 0.90
Parameter minBQ == 25
Parameter minMQ == 50
Parameter hpLen == 8
Parameter mismatchThr == 6.0
Parameter consThr == 0.8
Parameter minAltUMI == 3
Parameter maxAltAllele == 2
Parameter primerDist == 2
Parameter repBed == /srv/qgen/data/annotation/simpleRepeat.full.bed
Parameter srBed == /srv/qgen/data/annotation/SR_LC_SL.full.bed
Parameter readFile1 == /srv/qgen/example/NEB_S2_L001_R1_001.fastq.gz
Parameter readFile2 == /srv/qgen/example/NEB_S2_L001_R2_001.fastq.gz
Parameter instrument == MiSeq
Parameter primerFile == /srv/qgen/example/DHS-101Z.primers.txt
Parameter roiBedFile == /srv/qgen/example/DHS-101Z.roi.bed
Parameter platform == Illumina
Parameter runCNV == True
Parameter sampleType == Single
Parameter duplex == False
We will write the log file in the path /srv/qgen/qiaseq-dna/out2_multisamples_NEB_S2_1/NEB_S2.run_log.2020.07.25_05.23.47.txt
started_log0 at 2020-07-25 05:23:47.264046
0:00:06.918819	chr14:105246541-105246562
2020-07-25 07:25:26.499 0:00:06.918819	chr14:105246541-105246562
0:00:08.673972	chr15:90631828-90631849
2020-07-25 07:25:35.191 0:00:08.673972	chr15:90631828-90631849
0:00:08.306778	chr15:90631924-90631945
2020-07-25 07:25:43.529 0:00:08.306778	chr15:90631924-90631945
0:00:26.026906	chr17:7572917-7573018
2020-07-25 07:26:09.585 0:00:26.026906	chr17:7572917-7573018
0:01:05.551336	chr12:25378538-25378717
2020-07-25 07:26:29.701 0:01:05.551336	chr12:25378538-25378717
sys.argv: ['run_qiaseq_dna.py', 'run_sm_counter_v2.params.txt', 'v2', 'single', 'out2_multisamples_{0}_{1}', 'NEB_S2', 'NEB_S2']
command: /root/conda/bin/python run_qiaseq_dna.py run_sm_counter_v2.params.txt v2 single out2_multisamples_{0}_{1} NEB_S2 NEB_S2
pid: 603341
Parameter cutadaptDir == /root/conda/bin/
Parameter bwaDir == /root/conda/bin/
Parameter samtoolsDir == /root/conda/bin/
Parameter javaExe == /root/conda/jre/bin/java
Parameter sswPyFile == /srv/qgen/bin/ssw/src/ssw_wrap.py
Parameter torrentBinDir == /srv/qgen/bin/TorrentSuite/
Parameter vcflibDir == /srv/qgen/bin/vcflib/bin/
Parameter quandicoDir == copy_number/
Parameter numCores == 0
Parameter deleteLocalFiles == False
Parameter samtoolsMem == 2500M
Parameter outputDetail == True
Parameter trimScript == core/prep_trim.py
Parameter primer3Bases == 8
Parameter genomeFile == /srv/qgen/data/genome/hg19/ucsc.hg19.fa
Parameter endogenousLenMin == 15
Parameter tagNameUmiSeq == mi
Parameter tagNameUmi == Mi
Parameter tagNameDuplex == Du
Parameter tagNamePrimer == pr
Parameter tagNamePrimerErr == pe
Parameter tagNameResample == re
Parameter vcfComplexGapMax == 3
Parameter snpEffPath == /root/conda/share/snpeff-4.3.1t-3/
Parameter snpEffConfig == /root/conda/share/snpeff-4.3.1t-3/snpEff.config
Parameter snpSiftPath == /root/conda/share/snpsift-4.3.1t-1/
Parameter snpSiftConfig == /root/conda/share/snpsift-4.3.1t-1/snpEff.config
Parameter snpEffData == /root/conda/share/snpeff-4.3.1t-3/data/
Parameter dbSnpFile == /srv/qgen/data/annotation/common_all_20160601.vcf.gz
Parameter cosmicFile == /srv/qgen/data/annotation/CosmicAllMuts_v69_20140602.vcf.gz
Parameter clinVarFile == /srv/qgen/data/annotation/clinvar_20160531.vcf.gz
Parameter umiCutoff == 10
Parameter pValCutoff == 0.1
Parameter tumorPurity == 0.90
Parameter minBQ == 25
Parameter minMQ == 50
Parameter hpLen == 8
Parameter mismatchThr == 6.0
Parameter consThr == 0.8
Parameter minAltUMI == 3
Parameter maxAltAllele == 2
Parameter primerDist == 2
Parameter repBed == /srv/qgen/data/annotation/simpleRepeat.full.bed
Parameter srBed == /srv/qgen/data/annotation/SR_LC_SL.full.bed
Parameter readFile1 == /srv/qgen/example/NEB_S2_L001_R1_001.fastq.gz
Parameter readFile2 == /srv/qgen/example/NEB_S2_L001_R2_001.fastq.gz
Parameter instrument == MiSeq
Parameter primerFile == /srv/qgen/example/DHS-101Z.primers.txt
Parameter roiBedFile == /srv/qgen/example/DHS-101Z.roi.bed
Parameter platform == Illumina
Parameter runCNV == True
Parameter sampleType == Single
Parameter duplex == False
We will write the log file in the path /srv/qgen/qiaseq-dna/out2_multisamples_NEB_S2_1/NEB_S2.run_log.2020.07.25_05.23.47.txt
started_log0 at 2020-07-25 05:23:47.264046
0:01:14.876708	chr1:115252180-115252359
2020-07-25 07:26:34.445 0:01:14.876708	chr1:115252180-115252359
0:00:29.201824	chr17:7573917-7574043
2020-07-25 07:26:38.828 0:00:29.201824	chr17:7573917-7574043
sys.argv: ['run_qiaseq_dna.py', 'run_sm_counter_v2.params.txt', 'v2', 'single', 'out2_multisamples_{0}_{1}', 'NEB_S2', 'NEB_S2']
command: /root/conda/bin/python run_qiaseq_dna.py run_sm_counter_v2.params.txt v2 single out2_multisamples_{0}_{1} NEB_S2 NEB_S2
pid: 603341
Parameter cutadaptDir == /root/conda/bin/
Parameter bwaDir == /root/conda/bin/
Parameter samtoolsDir == /root/conda/bin/
Parameter javaExe == /root/conda/jre/bin/java
Parameter sswPyFile == /srv/qgen/bin/ssw/src/ssw_wrap.py
Parameter torrentBinDir == /srv/qgen/bin/TorrentSuite/
Parameter vcflibDir == /srv/qgen/bin/vcflib/bin/
Parameter quandicoDir == copy_number/
Parameter numCores == 0
Parameter deleteLocalFiles == False
Parameter samtoolsMem == 2500M
Parameter outputDetail == True
Parameter trimScript == core/prep_trim.py
Parameter primer3Bases == 8
Parameter genomeFile == /srv/qgen/data/genome/hg19/ucsc.hg19.fa
Parameter endogenousLenMin == 15
Parameter tagNameUmiSeq == mi
Parameter tagNameUmi == Mi
Parameter tagNameDuplex == Du
Parameter tagNamePrimer == pr
Parameter tagNamePrimerErr == pe
Parameter tagNameResample == re
Parameter vcfComplexGapMax == 3
Parameter snpEffPath == /root/conda/share/snpeff-4.3.1t-3/
Parameter snpEffConfig == /root/conda/share/snpeff-4.3.1t-3/snpEff.config
Parameter snpSiftPath == /root/conda/share/snpsift-4.3.1t-1/
Parameter snpSiftConfig == /root/conda/share/snpsift-4.3.1t-1/snpEff.config
Parameter snpEffData == /root/conda/share/snpeff-4.3.1t-3/data/
Parameter dbSnpFile == /srv/qgen/data/annotation/common_all_20160601.vcf.gz
Parameter cosmicFile == /srv/qgen/data/annotation/CosmicAllMuts_v69_20140602.vcf.gz
Parameter clinVarFile == /srv/qgen/data/annotation/clinvar_20160531.vcf.gz
Parameter umiCutoff == 10
Parameter pValCutoff == 0.1
Parameter tumorPurity == 0.90
Parameter minBQ == 25
Parameter minMQ == 50
Parameter hpLen == 8
Parameter mismatchThr == 6.0
Parameter consThr == 0.8
Parameter minAltUMI == 3
Parameter maxAltAllele == 2
Parameter primerDist == 2
Parameter repBed == /srv/qgen/data/annotation/simpleRepeat.full.bed
Parameter srBed == /srv/qgen/data/annotation/SR_LC_SL.full.bed
Parameter readFile1 == /srv/qgen/example/NEB_S2_L001_R1_001.fastq.gz
Parameter readFile2 == /srv/qgen/example/NEB_S2_L001_R2_001.fastq.gz
Parameter instrument == MiSeq
Parameter primerFile == /srv/qgen/example/DHS-101Z.primers.txt
Parameter roiBedFile == /srv/qgen/example/DHS-101Z.roi.bed
Parameter platform == Illumina
Parameter runCNV == True
Parameter sampleType == Single
Parameter duplex == False
We will write the log file in the path /srv/qgen/qiaseq-dna/out2_multisamples_NEB_S2_1/NEB_S2.run_log.2020.07.25_05.23.47.txt
started_log0 at 2020-07-25 05:23:47.264046
0:01:51.870523	chr17:7579302-7579552
2020-07-25 07:27:11.459 0:01:51.870523	chr17:7579302-7579552
0:00:34.416606	chr17:7576527-7576594
2020-07-25 07:27:13.278 0:00:34.416606	chr17:7576527-7576594
0:00:12.895582	chr17:7579553-7579600
2020-07-25 07:27:24.453 0:00:12.895582	chr17:7579553-7579600
0:00:56.755902	chr12:25380158-25380356
2020-07-25 07:27:26.511 0:00:56.755902	chr12:25380158-25380356
0:00:56.260755	chr1:115256411-115256609
2020-07-25 07:27:30.770 0:00:56.260755	chr1:115256411-115256609
0:00:08.997890	chr17:7579690-7579731
2020-07-25 07:27:33.475 0:00:08.997890	chr17:7579690-7579731
0:00:21.175914	chr17:7576615-7576667
2020-07-25 07:27:34.495 0:00:21.175914	chr17:7576615-7576667
0:00:22.071863	chr17:7579829-7579922
2020-07-25 07:27:55.561 0:00:22.071863	chr17:7579829-7579922
0:00:09.745717	chr17:37855803-37855850
2020-07-25 07:28:05.330 0:00:09.745717	chr17:37855803-37855850
0:00:39.356516	chr1:115258661-115258808
2020-07-25 07:28:10.172 0:00:39.356516	chr1:115258661-115258808
0:00:38.179489	chr17:7576843-7576936
2020-07-25 07:28:12.713 0:00:38.179489	chr17:7576843-7576936
0:00:49.876269	chr12:25398198-25398339
2020-07-25 07:28:16.436 0:00:49.876269	chr12:25398198-25398339
0:00:07.167639	chr10:43609061-43609082
2020-07-25 07:28:17.381 0:00:07.167639	chr10:43609061-43609082
0:00:16.836434	chr17:37856482-37856574
2020-07-25 07:28:22.180 0:00:16.836434	chr17:37856482-37856574
0:00:05.733361	chr12:56477621-56477641
2020-07-25 07:28:22.214 0:00:05.733361	chr12:56477621-56477641
0:00:08.157056	chr10:43609086-43609114
2020-07-25 07:28:25.564 0:00:08.157056	chr10:43609086-43609114
0:00:05.496696	chr12:56478844-56478864
2020-07-25 07:28:27.726 0:00:05.496696	chr12:56478844-56478864
0:00:06.845352	chr12:56481912-56481932
2020-07-25 07:28:34.604 0:00:06.845352	chr12:56481912-56481932
0:00:13.034078	chr10:43609926-43609961
2020-07-25 07:28:38.616 0:00:13.034078	chr10:43609926-43609961
0:00:07.944364	chr12:56482331-56482351
2020-07-25 07:28:42.565 0:00:07.944364	chr12:56482331-56482351
0:00:08.922909	chr10:43613830-43613851
2020-07-25 07:28:47.562 0:00:08.922909	chr10:43613830-43613851
0:00:07.814936	chr12:56482527-56482547
2020-07-25 07:28:50.399 0:00:07.814936	chr12:56482527-56482547
0:00:09.349542	chr10:43613895-43613919
2020-07-25 07:28:56.933 0:00:09.349542	chr10:43613895-43613919
0:00:06.456072	chr12:56487191-56487211
2020-07-25 07:28:57.136 0:00:06.456072	chr12:56487191-56487211
0:00:08.181989	chr12:56492623-56492643
2020-07-25 07:29:05.331 0:00:08.181989	chr12:56492623-56492643
0:00:08.605065	chr10:43615558-43615579
2020-07-25 07:29:05.560 0:00:08.605065	chr10:43615558-43615579
0:00:07.269201	chr12:56494988-56495008
2020-07-25 07:29:12.620 0:00:07.269201	chr12:56494988-56495008
0:00:09.227692	chr10:43615583-43615604
2020-07-25 07:29:14.811 0:00:09.227692	chr10:43615583-43615604
0:01:02.261241	chr17:7577009-7577165
2020-07-25 07:29:15.017 0:01:02.261241	chr17:7577009-7577165
0:00:05.103117	chr10:43617406-43617427
2020-07-25 07:29:19.939 0:00:05.103117	chr10:43617406-43617427
0:00:02.992431	chr12:25360214-25360234
2020-07-25 07:29:22.944 0:00:02.992431	chr12:25360214-25360234
0:01:10.419582	chr17:37863233-37863404
2020-07-25 07:29:32.621 0:01:10.419582	chr17:37863233-37863404
0:00:32.646296	chr17:7577489-7577618
2020-07-25 07:29:47.732 0:00:32.646296	chr17:7577489-7577618
0:00:50.048406	chr17:37868171-37868310
2020-07-25 07:30:02.694 0:00:50.048406	chr17:37868171-37868310
0:00:49.602047	chr17:7578167-7578299
2020-07-25 07:30:37.366 0:00:49.602047	chr17:7578167-7578299
0:00:40.993634	chr17:37868565-37868711
2020-07-25 07:30:43.741 0:00:40.993634	chr17:37868565-37868711
0:01:30.637805	chr17:37880969-37881174
2020-07-25 07:30:53.604 0:01:30.637805	chr17:37880969-37881174
0:01:39.098550	chr17:37864564-37864797
2020-07-25 07:31:11.776 0:01:39.098550	chr17:37864564-37864797
0:00:29.277586	chr17:37871529-37871622
2020-07-25 07:31:13.049 0:00:29.277586	chr17:37871529-37871622
0:00:49.529096	chr17:37881292-37881467
2020-07-25 07:31:43.199 0:00:49.529096	chr17:37881292-37881467
0:00:31.001417	chr17:37871689-37871799
2020-07-25 07:31:44.080 0:00:31.001417	chr17:37871689-37871799
0:01:11.809026	chr17:7578361-7578564
2020-07-25 07:31:49.217 0:01:11.809026	chr17:7578361-7578564
0:00:42.974066	chr17:37865561-37865715
2020-07-25 07:31:54.823 0:00:42.974066	chr17:37865561-37865715
0:00:08.696471	chr2:29416605-29416625
2020-07-25 07:31:57.985 0:00:08.696471	chr2:29416605-29416625
0:00:26.857745	chr17:37881570-37881665
2020-07-25 07:32:10.108 0:00:26.857745	chr17:37881570-37881665
0:00:25.707645	chr2:29432645-29432693
2020-07-25 07:32:23.723 0:00:25.707645	chr2:29432645-29432693
0:00:29.807531	chr17:37866056-37866144
2020-07-25 07:32:24.669 0:00:29.807531	chr17:37866056-37866144
0:00:06.540460	chr2:29436848-29436870
2020-07-25 07:32:30.321 0:00:06.540460	chr2:29436848-29436870
0:00:22.982222	chr2:29443597-29443641
2020-07-25 07:32:53.319 0:00:22.982222	chr2:29443597-29443641
0:00:10.375776	chr2:29443684-29443707
2020-07-25 07:33:03.758 0:00:10.375776	chr2:29443684-29443707
0:00:57.177352	chr17:37881950-37882116
2020-07-25 07:33:07.319 0:00:57.177352	chr17:37881950-37882116
0:00:09.052712	chr2:29445182-29445223
2020-07-25 07:33:12.847 0:00:09.052712	chr2:29445182-29445223
0:00:55.552300	chr17:37866329-37866464
2020-07-25 07:33:20.250 0:00:55.552300	chr17:37866329-37866464
0:00:10.338116	chr2:29445246-29445283
2020-07-25 07:33:23.203 0:00:10.338116	chr2:29445246-29445283
0:01:41.316569	chr17:37871983-37872202
2020-07-25 07:33:25.426 0:01:41.316569	chr17:37871983-37872202
0:00:05.858105	chr2:29446286-29446306
2020-07-25 07:33:29.079 0:00:05.858105	chr2:29446286-29446306
0:00:05.745723	chr2:29448400-29448420
2020-07-25 07:33:34.839 0:00:05.745723	chr2:29448400-29448420
0:00:33.182566	chr17:37882805-37882922
2020-07-25 07:33:40.553 0:00:33.182566	chr17:37882805-37882922
0:00:06.973398	chr2:29449809-29449829
2020-07-25 07:33:41.833 0:00:06.973398	chr2:29449809-29449829
0:00:05.240906	chr2:29455257-29455277
2020-07-25 07:33:47.095 0:00:05.240906	chr2:29455257-29455277
0:00:06.991050	chr2:29541181-29541201
2020-07-25 07:33:54.100 0:00:06.991050	chr2:29541181-29541201
0:00:06.146568	chr2:29606669-29606689
2020-07-25 07:34:00.275 0:00:06.146568	chr2:29606669-29606689
0:00:08.100553	chr2:209113103-209113124
2020-07-25 07:34:08.392 0:00:08.100553	chr2:209113103-209113124
0:00:06.467734	chr3:12626113-12626133
2020-07-25 07:34:14.881 0:00:06.467734	chr3:12626113-12626133
0:00:57.151680	chr17:37866583-37866744
2020-07-25 07:34:17.451 0:00:57.151680	chr17:37866583-37866744
0:00:06.336215	chr3:12645689-12645709
2020-07-25 07:34:21.234 0:00:06.336215	chr3:12645689-12645709
0:00:05.526853	chr3:178921573-178921587
2020-07-25 07:34:23.050 0:00:05.526853	chr3:178921573-178921587
0:00:59.214666	chr17:37872544-37872696
2020-07-25 07:34:24.719 0:00:59.214666	chr17:37872544-37872696
0:00:19.530718	chr3:178922281-178922386
2020-07-25 07:34:42.610 0:00:19.530718	chr3:178922281-178922386
0:01:34.999657	chr17:37883058-37883266
2020-07-25 07:35:15.587 0:01:34.999657	chr17:37883058-37883266
0:00:51.386559	chr17:37872758-37872868
2020-07-25 07:35:16.163 0:00:51.386559	chr17:37872758-37872868
0:00:38.419871	chr3:178927373-178927498
2020-07-25 07:35:21.052 0:00:38.419871	chr3:178927373-178927498
0:01:43.127746	chr3:41266007-41266254
2020-07-25 07:36:04.377 0:01:43.127746	chr3:41266007-41266254
0:00:06.056166	chr3:138665153-138665174
2020-07-25 07:36:10.520 0:00:06.056166	chr3:138665153-138665174
0:01:09.643011	chr17:37873563-37873743
2020-07-25 07:36:25.886 0:01:09.643011	chr17:37873563-37873743
0:01:13.617413	chr3:178927964-178928136
2020-07-25 07:36:34.718 0:01:13.617413	chr3:178927964-178928136
0:00:20.547821	chr17:37876030-37876097
2020-07-25 07:36:46.495 0:00:20.547821	chr17:37876030-37876097
0:01:49.147724	chr17:37883538-37883788
2020-07-25 07:37:04.813 0:01:49.147724	chr17:37883538-37883788
0:00:07.856887	chr17:37883789-37883810
2020-07-25 07:37:12.769 0:00:07.856887	chr17:37883789-37883810
0:00:42.866563	chr17:37879562-37879720
2020-07-25 07:37:29.383 0:00:42.866563	chr17:37879562-37879720
0:01:08.580667	chr3:178928209-178928363
2020-07-25 07:37:43.364 0:01:08.580667	chr3:178928209-178928363
0:02:07.911742	chr3:178916604-178916854
2020-07-25 07:38:18.449 0:02:07.911742	chr3:178916604-178916854
0:00:51.685622	chr17:37879781-37879923
2020-07-25 07:38:21.113 0:00:51.685622	chr17:37879781-37879923
0:00:42.150574	chr3:178935988-178936132
2020-07-25 07:38:25.575 0:00:42.150574	chr3:178935988-178936132
0:01:35.348667	chr17:37883932-37884182
2020-07-25 07:38:48.140 0:01:35.348667	chr17:37883932-37884182
0:00:30.793244	chr3:178936974-178937075
2020-07-25 07:38:56.406 0:00:30.793244	chr3:178936974-178937075
0:00:48.012945	chr17:37880155-37880273
2020-07-25 07:39:09.182 0:00:48.012945	chr17:37880155-37880273
0:00:53.905672	chr3:178916855-178916975
2020-07-25 07:39:12.481 0:00:53.905672	chr3:178916855-178916975
0:00:29.583463	chr3:178943740-178943838
2020-07-25 07:39:38.845 0:00:29.583463	chr3:178943740-178943838
0:00:52.906627	chr17:37884183-37884307
2020-07-25 07:39:41.120 0:00:52.906627	chr17:37884183-37884307
0:00:06.135759	chr19:3118932-3118953
2020-07-25 07:39:47.320 0:00:06.135759	chr19:3118932-3118953
0:00:56.759330	chr3:178937349-178937533
2020-07-25 07:39:53.202 0:00:56.759330	chr3:178937349-178937533
0:00:06.963378	chr2:29416471-29416491
2020-07-25 07:39:54.300 0:00:06.963378	chr2:29416471-29416491
0:01:11.746648	chr3:178917468-178917697
2020-07-25 07:40:24.285 0:01:11.746648	chr3:178917468-178917697
0:00:38.115830	chr3:178937727-178937850
2020-07-25 07:40:31.367 0:00:38.115830	chr3:178937727-178937850
0:00:49.946399	chr4:55140998-55141150
2020-07-25 07:40:44.283 0:00:49.946399	chr4:55140998-55141150
0:01:11.414968	chr3:178947050-178947240
2020-07-25 07:40:50.285 0:01:11.414968	chr3:178947050-178947240
0:00:07.051900	chr4:55143567-55143587
2020-07-25 07:40:51.383 0:00:07.051900	chr4:55143567-55143587
0:01:01.077085	chr4:55144053-55144183
2020-07-25 07:41:52.480 0:01:01.077085	chr4:55144053-55144183
0:01:23.610657	chr3:178938764-178938955
2020-07-25 07:41:55.018 0:01:23.610657	chr3:178938764-178938955
0:00:04.552405	chr4:55144537-55144557
2020-07-25 07:41:57.070 0:00:04.552405	chr4:55144537-55144557
0:01:09.271123	chr3:178947782-178947919
2020-07-25 07:41:59.618 0:01:09.271123	chr3:178947782-178947919
0:00:38.152772	chr3:178941859-178941985
2020-07-25 07:42:33.231 0:00:38.152772	chr3:178941859-178941985
0:02:14.431863	chr3:178919068-178919318
2020-07-25 07:42:38.775 0:02:14.431863	chr3:178919068-178919318
0:00:43.453775	chr4:55151998-55152140
2020-07-25 07:42:40.534 0:00:43.453775	chr4:55151998-55152140
0:00:04.510633	chr3:178919319-178919338
2020-07-25 07:42:43.385 0:00:04.510633	chr3:178919319-178919338
0:00:07.485872	chr4:55153537-55153558
2020-07-25 07:42:48.061 0:00:07.485872	chr4:55153537-55153558
0:00:04.586780	chr4:55161370-55161390
2020-07-25 07:42:52.672 0:00:04.586780	chr4:55161370-55161390
0:00:30.656555	chr3:178942478-178942619
2020-07-25 07:43:03.933 0:00:30.656555	chr3:178942478-178942619
0:00:11.258022	chr4:55561748-55561775
2020-07-25 07:43:03.942 0:00:11.258022	chr4:55561748-55561775
0:00:12.659367	chr4:55589758-55589788
2020-07-25 07:43:16.623 0:00:12.659367	chr4:55589758-55589788
0:01:17.347814	chr3:178948003-178948174
2020-07-25 07:43:17.020 0:01:17.347814	chr3:178948003-178948174
0:00:36.763698	chr4:55594167-55594297
2020-07-25 07:43:40.746 0:00:36.763698	chr4:55594167-55594297
0:01:18.479909	chr4:55592013-55592226
2020-07-25 07:44:35.126 0:01:18.479909	chr4:55592013-55592226
0:01:52.181633	chr3:178921322-178921572
2020-07-25 07:44:35.583 0:01:52.181633	chr3:178921322-178921572
0:01:00.458193	chr4:55595491-55595661
2020-07-25 07:44:41.234 0:01:00.458193	chr4:55595491-55595661
0:00:06.753620	chr6:152265445-152265465
2020-07-25 07:44:42.454 0:00:06.753620	chr6:152265445-152265465
0:00:04.876351	chr4:55597485-55597507
2020-07-25 07:44:46.167 0:00:04.876351	chr4:55597485-55597507
0:01:29.546766	chr3:178951872-178952122
2020-07-25 07:44:46.641 0:01:29.546766	chr3:178951872-178952122
0:00:05.125544	chr6:152396026-152396046
2020-07-25 07:44:47.596 0:00:05.125544	chr6:152396026-152396046
0:00:15.006929	chr4:55593454-55593491
2020-07-25 07:44:50.195 0:00:15.006929	chr4:55593454-55593491
0:00:04.902920	chr3:178952123-178952162
2020-07-25 07:44:51.652 0:00:04.902920	chr3:178952123-178952162
0:00:08.040679	chr4:55599149-55599169
2020-07-25 07:44:54.218 0:00:08.040679	chr4:55599149-55599169
0:00:07.679701	chr6:152419912-152419936
2020-07-25 07:44:55.290 0:00:07.679701	chr6:152419912-152419936
0:00:07.567350	chr4:55127438-55127458
2020-07-25 07:44:59.226 0:00:07.567350	chr4:55127438-55127458
0:00:05.135736	chr6:152420085-152420105
2020-07-25 07:45:00.446 0:00:05.135736	chr6:152420085-152420105
0:00:04.218589	chr4:55130068-55130088
2020-07-25 07:45:03.465 0:00:04.218589	chr4:55130068-55130088
0:00:04.264092	chr7:55210065-55210087
2020-07-25 07:45:04.723 0:00:04.264092	chr7:55210065-55210087
0:00:06.864435	chr4:55131108-55131128
2020-07-25 07:45:10.340 0:00:06.864435	chr4:55131108-55131128
0:00:11.221478	chr7:55211070-55211107
2020-07-25 07:45:15.971 0:00:11.221478	chr7:55211070-55211107
0:00:06.948516	chr7:55214338-55214358
2020-07-25 07:45:22.952 0:00:06.948516	chr7:55214338-55214358
0:00:12.703031	chr4:55131132-55131171
2020-07-25 07:45:23.064 0:00:12.703031	chr4:55131132-55131171
0:00:04.350332	chr4:55133716-55133736
2020-07-25 07:45:27.437 0:00:04.350332	chr4:55133716-55133736
0:00:04.572475	chr7:55220264-55220284
2020-07-25 07:45:27.545 0:00:04.572475	chr7:55220264-55220284
0:00:05.519983	chr4:55139761-55139781
2020-07-25 07:45:32.969 0:00:05.519983	chr4:55139761-55139781
0:00:41.982387	chr4:55599226-55599368
2020-07-25 07:45:36.222 0:00:41.982387	chr4:55599226-55599368
0:00:09.294199	chr7:55221700-55221720
2020-07-25 07:45:36.852 0:00:09.294199	chr7:55221700-55221720
0:00:04.018753	chr7:55227997-55228019
2020-07-25 07:45:37.017 0:00:04.018753	chr7:55227997-55228019
0:00:49.437855	chr4:55593572-55593718
2020-07-25 07:45:39.662 0:00:49.437855	chr4:55593572-55593718
0:00:05.629552	chr4:55599391-55599411
2020-07-25 07:45:41.899 0:00:05.629552	chr4:55599391-55599411
0:00:07.399449	chr7:55229245-55229265
2020-07-25 07:45:44.429 0:00:07.399449	chr7:55229245-55229265
0:00:09.765903	chr7:55221733-55221753
2020-07-25 07:45:46.648 0:00:09.765903	chr7:55221733-55221753
0:00:08.788340	chr4:55602654-55602674
2020-07-25 07:45:50.702 0:00:08.788340	chr4:55602654-55602674
0:00:09.239542	chr7:55221811-55221832
2020-07-25 07:45:55.918 0:00:09.239542	chr7:55221811-55221832
0:00:12.259369	chr7:55233027-55233053
2020-07-25 07:45:56.709 0:00:12.259369	chr7:55233027-55233053
0:00:09.339402	chr4:55602684-55602704
2020-07-25 07:46:00.071 0:00:09.339402	chr4:55602684-55602704
0:00:04.560200	chr7:55223533-55223553
2020-07-25 07:46:00.504 0:00:04.560200	chr7:55223533-55223553
0:00:07.665120	chr7:55233099-55233119
2020-07-25 07:46:04.399 0:00:07.665120	chr7:55233099-55233119
0:00:06.536958	chr9:80409478-80409500
2020-07-25 07:46:07.059 0:00:06.536958	chr9:80409478-80409500
0:00:09.489436	chr4:55602753-55602775
2020-07-25 07:46:09.590 0:00:09.489436	chr4:55602753-55602775
0:00:09.131259	chr7:55238077-55238097
2020-07-25 07:46:13.553 0:00:09.131259	chr7:55238077-55238097
0:00:04.938036	chr4:55603362-55603382
2020-07-25 07:46:14.553 0:00:04.938036	chr4:55603362-55603382
0:00:07.801528	chr7:55238102-55238122
2020-07-25 07:46:21.377 0:00:07.801528	chr7:55238102-55238122
0:00:08.695773	chr4:55604649-55604669
2020-07-25 07:46:23.262 0:00:08.695773	chr4:55604649-55604669
0:00:05.991975	chr7:55240697-55240717
2020-07-25 07:46:27.393 0:00:05.991975	chr7:55240697-55240717
0:00:06.049689	chr6:152129067-152129087
2020-07-25 07:46:29.332 0:00:06.049689	chr6:152129067-152129087
0:00:08.306847	chr7:55240776-55240816
2020-07-25 07:46:35.717 0:00:08.306847	chr7:55240776-55240816
0:00:07.861102	chr7:55241617-55241637
2020-07-25 07:46:43.594 0:00:07.861102	chr7:55241617-55241637
0:01:15.304381	chr7:55248976-55249181
2020-07-25 07:46:55.034 0:01:15.304381	chr7:55248976-55249181
0:00:28.118959	chr7:55241646-55241736
2020-07-25 07:47:11.735 0:00:28.118959	chr7:55241646-55241736
0:00:04.052707	chr7:55241745-55241765
2020-07-25 07:47:15.825 0:00:04.052707	chr7:55241745-55241765
0:00:44.142558	chr7:55242405-55242523
2020-07-25 07:47:59.980 0:00:44.142558	chr7:55242405-55242523
0:01:09.528936	chr7:55259402-55259577
2020-07-25 07:48:04.626 0:01:09.528936	chr7:55259402-55259577
0:00:04.483674	chr7:55260473-55260493
2020-07-25 07:48:09.167 0:00:04.483674	chr7:55260473-55260493
0:00:05.851732	chr7:55266459-55266481
2020-07-25 07:48:15.031 0:00:05.851732	chr7:55266459-55266481
0:00:03.692852	chr7:55268906-55268926
2020-07-25 07:48:18.739 0:00:03.692852	chr7:55268906-55268926
0:00:06.079129	chr7:116423397-116423418
2020-07-25 07:48:24.828 0:00:06.079129	chr7:116423397-116423418
0:00:06.590963	chr7:116423464-116423485
2020-07-25 07:48:31.434 0:00:06.590963	chr7:116423464-116423485
0:00:09.103000	chr7:140449140-140449180
2020-07-25 07:48:40.555 0:00:09.103000	chr7:140449140-140449180
0:00:46.682796	chr7:140453065-140453203
2020-07-25 07:49:27.251 0:00:46.682796	chr7:140453065-140453203
0:00:34.409602	chr7:140477781-140477885
2020-07-25 07:50:01.703 0:00:34.409602	chr7:140477781-140477885
0:00:46.721870	chr7:140481376-140481503
2020-07-25 07:50:48.467 0:00:46.721870	chr7:140481376-140481503
0:00:06.774059	chr7:140500155-140500175
2020-07-25 07:50:55.286 0:00:06.774059	chr7:140500155-140500175
2020-07-25 07:50:55.368 Calculating p-values 2020-07-25 07:50:55.368013
2020-07-25 07:51:17.490 completed p-values 2020-07-25 07:51:17.490139
2020-07-25 07:51:17.563 completed running 2020-07-25 07:51:17.563161
2020-07-25 07:51:17.563 total runtime: 1:51:44.104126
2020-07-25 07:51:17.768 vcf_complex: start conversion from primitive to complex representation...
2020-07-25 07:51:17.769 vcf_complex: processed 0 variant clusters
2020-07-25 07:51:17.769 vcf_annotate: starting snpEff eff...
2020-07-25 07:51:17.770 /root/conda/jre/bin/java -Xmx6G -jar /root/conda/share/snpeff-4.3.1t-3/snpEff.jar  -c /root/conda/share/snpeff-4.3.1t-3/snpEff.config -configOption data.dir=/root/conda/share/snpeff-4.3.1t-3/data/ -noLog -v -noStats -noMotif -noNextProt GRCh37.75 /srv/qgen/qiaseq-dna/out2_multisamples_NEB_S2_1/NEB_S2.smCounter.cplx.vcf > /srv/qgen/qiaseq-dna/out2_multisamples_NEB_S2_1/NEB_S2.temp0.vcf 2> /srv/qgen/qiaseq-dna/out2_multisamples_NEB_S2_1/NEB_S2.vcf_annotate.snpEffSift.log
2020-07-25 07:52:22.696 vcf_annotate: starting snpSift annoate dbSNP...
2020-07-25 07:52:22.709 Traceback (most recent call last):
2020-07-25 07:52:22.709   File "run_qiaseq_dna.py", line 369, in <module>
2020-07-25 07:52:22.733 run((read, args.paramFile, args.vc, args.outputPath), False)
2020-07-25 07:52:22.733   File "run_qiaseq_dna.py", line 225, in run
2020-07-25 07:52:22.734 post_smcounter_work(numVariants, cfg.readSet, cfg, vc, tumorNormal=False)
2020-07-25 07:52:22.734   File "run_qiaseq_dna.py", line 247, in post_smcounter_work
2020-07-25 07:52:22.734 annotate.vcf_annotate.run(cfg, vcfFileIn, vcfFileOut, vc, tumorNormal)
2020-07-25 07:52:22.734   File "/srv/qgen/qiaseq-dna/annotate/vcf_annotate.py", line 44, in run
2020-07-25 07:52:22.758 subprocess.check_call(cmd, shell=True)
2020-07-25 07:52:22.758   File "/root/conda/lib/python2.7/subprocess.py", line 190, in check_call
2020-07-25 07:52:22.789 raise CalledProcessError(retcode, cmd)
2020-07-25 07:52:22.789 subprocess
2020-07-25 07:52:22.789 .
2020-07-25 07:52:22.789 CalledProcessError
2020-07-25 07:52:22.789 :
2020-07-25 07:52:22.790 Command '/root/conda/jre/bin/java -Xmx6G -jar /root/conda/share/snpsift-4.3.1t-1/SnpSift.jar annotate -c /root/conda/share/snpsift-4.3.1t-1/snpEff.config -id /srv/qgen/data/annotation/common_all_20160601.vcf.gz /srv/qgen/qiaseq-dna/out2_multisamples_NEB_S2_1/NEB_S2.temp0.vcf > /srv/qgen/qiaseq-dna/out2_multisamples_NEB_S2_1/NEB_S2.temp1.vcf 2>> /srv/qgen/qiaseq-dna/out2_multisamples_NEB_S2_1/NEB_S2.vcf_annotate.snpEffSift.log' returned non-zero exit status 1
